This is pdfTeX, Version 3.14159265-2.6-1.40.20 (TeX Live 2019) (preloaded format=pdflatex 2019.11.14)  16 MAY 2020 19:50
entering extended mode
 restricted \write18 enabled.
 %&-line parsing enabled.
**dissertation.tex
(./dissertation.tex
LaTeX2e <2018-12-01>
(/usr/local/texlive/2019/texmf-dist/tex/latex/base/report.cls
Document Class: report 2018/09/03 v1.4i Standard LaTeX document class
(/usr/local/texlive/2019/texmf-dist/tex/latex/base/size12.clo
File: size12.clo 2018/09/03 v1.4i Standard LaTeX file (size option)
)
\c@part=\count80
\c@chapter=\count81
\c@section=\count82
\c@subsection=\count83
\c@subsubsection=\count84
\c@paragraph=\count85
\c@subparagraph=\count86
\c@figure=\count87
\c@table=\count88
\abovecaptionskip=\skip41
\belowcaptionskip=\skip42
\bibindent=\dimen102
)
(/usr/local/texlive/2019/texmf-dist/tex/latex/graphics/epsfig.sty
Package: epsfig 2017/06/25 v1.7b (e)psfig emulation (SPQR)

(/usr/local/texlive/2019/texmf-dist/tex/latex/graphics/graphicx.sty
Package: graphicx 2017/06/01 v1.1a Enhanced LaTeX Graphics (DPC,SPQR)

(/usr/local/texlive/2019/texmf-dist/tex/latex/graphics/keyval.sty
Package: keyval 2014/10/28 v1.15 key=value parser (DPC)
\KV@toks@=\toks14
)
(/usr/local/texlive/2019/texmf-dist/tex/latex/graphics/graphics.sty
Package: graphics 2017/06/25 v1.2c Standard LaTeX Graphics (DPC,SPQR)

(/usr/local/texlive/2019/texmf-dist/tex/latex/graphics/trig.sty
Package: trig 2016/01/03 v1.10 sin cos tan (DPC)
)
(/usr/local/texlive/2019/texmf-dist/tex/latex/graphics-cfg/graphics.cfg
File: graphics.cfg 2016/06/04 v1.11 sample graphics configuration
)
Package graphics Info: Driver file: pdftex.def on input line 99.

(/usr/local/texlive/2019/texmf-dist/tex/latex/graphics-def/pdftex.def
File: pdftex.def 2018/01/08 v1.0l Graphics/color driver for pdftex
))
\Gin@req@height=\dimen103
\Gin@req@width=\dimen104
)
\epsfxsize=\dimen105
\epsfysize=\dimen106
)
(/usr/local/texlive/2019/texmf-dist/tex/latex/tools/verbatim.sty
Package: verbatim 2014/10/28 v1.5q LaTeX2e package for verbatim enhancements
\every@verbatim=\toks15
\verbatim@line=\toks16
\verbatim@in@stream=\read1
)
(/usr/local/texlive/2019/texmf-dist/tex/latex/parskip/parskip.sty
Package: parskip 2019-01-16 v2.0c non-zero parskip adjustments

(/usr/local/texlive/2019/texmf-dist/tex/latex/oberdiek/kvoptions.sty
Package: kvoptions 2016/05/16 v3.12 Key value format for package options (HO)

(/usr/local/texlive/2019/texmf-dist/tex/generic/oberdiek/ltxcmds.sty
Package: ltxcmds 2016/05/16 v1.23 LaTeX kernel commands for general use (HO)
)
(/usr/local/texlive/2019/texmf-dist/tex/generic/oberdiek/kvsetkeys.sty
Package: kvsetkeys 2016/05/16 v1.17 Key value parser (HO)

(/usr/local/texlive/2019/texmf-dist/tex/generic/oberdiek/infwarerr.sty
Package: infwarerr 2016/05/16 v1.4 Providing info/warning/error messages (HO)
)
(/usr/local/texlive/2019/texmf-dist/tex/generic/oberdiek/etexcmds.sty
Package: etexcmds 2016/05/16 v1.6 Avoid name clashes with e-TeX commands (HO)

(/usr/local/texlive/2019/texmf-dist/tex/generic/oberdiek/ifluatex.sty
Package: ifluatex 2016/05/16 v1.4 Provides the ifluatex switch (HO)
Package ifluatex Info: LuaTeX not detected.
))))
(/usr/local/texlive/2019/texmf-dist/tex/latex/etoolbox/etoolbox.sty
Package: etoolbox 2018/08/19 v2.5f e-TeX tools for LaTeX (JAW)
\etb@tempcnta=\count89
))
(/usr/local/texlive/2019/texmf-dist/tex/latex/tools/tabularx.sty
Package: tabularx 2016/02/03 v2.11b `tabularx' package (DPC)

(/usr/local/texlive/2019/texmf-dist/tex/latex/tools/array.sty
Package: array 2018/12/30 v2.4k Tabular extension package (FMi)
\col@sep=\dimen107
\ar@mcellbox=\box27
\extrarowheight=\dimen108
\NC@list=\toks17
\extratabsurround=\skip43
\backup@length=\skip44
\ar@cellbox=\box28
)
\TX@col@width=\dimen109
\TX@old@table=\dimen110
\TX@old@col=\dimen111
\TX@target=\dimen112
\TX@delta=\dimen113
\TX@cols=\count90
\TX@ftn=\toks18
)
(/usr/local/texlive/2019/texmf-dist/tex/latex/setspace/setspace.sty
Package: setspace 2011/12/19 v6.7a set line spacing
)
(/usr/local/texlive/2019/texmf-dist/tex/latex/tools/xspace.sty
Package: xspace 2014/10/28 v1.13 Space after command names (DPC,MH)
)
(/usr/local/texlive/2019/texmf-dist/tex/latex/amsmath/amsmath.sty
Package: amsmath 2018/12/01 v2.17b AMS math features
\@mathmargin=\skip45

For additional information on amsmath, use the `?' option.
(/usr/local/texlive/2019/texmf-dist/tex/latex/amsmath/amstext.sty
Package: amstext 2000/06/29 v2.01 AMS text

(/usr/local/texlive/2019/texmf-dist/tex/latex/amsmath/amsgen.sty
File: amsgen.sty 1999/11/30 v2.0 generic functions
\@emptytoks=\toks19
\ex@=\dimen114
))
(/usr/local/texlive/2019/texmf-dist/tex/latex/amsmath/amsbsy.sty
Package: amsbsy 1999/11/29 v1.2d Bold Symbols
\pmbraise@=\dimen115
)
(/usr/local/texlive/2019/texmf-dist/tex/latex/amsmath/amsopn.sty
Package: amsopn 2016/03/08 v2.02 operator names
)
\inf@bad=\count91
LaTeX Info: Redefining \frac on input line 223.
\uproot@=\count92
\leftroot@=\count93
LaTeX Info: Redefining \overline on input line 385.
\classnum@=\count94
\DOTSCASE@=\count95
LaTeX Info: Redefining \ldots on input line 482.
LaTeX Info: Redefining \dots on input line 485.
LaTeX Info: Redefining \cdots on input line 606.
\Mathstrutbox@=\box29
\strutbox@=\box30
\big@size=\dimen116
LaTeX Font Info:    Redeclaring font encoding OML on input line 729.
LaTeX Font Info:    Redeclaring font encoding OMS on input line 730.
\macc@depth=\count96
\c@MaxMatrixCols=\count97
\dotsspace@=\muskip10
\c@parentequation=\count98
\dspbrk@lvl=\count99
\tag@help=\toks20
\row@=\count100
\column@=\count101
\maxfields@=\count102
\andhelp@=\toks21
\eqnshift@=\dimen117
\alignsep@=\dimen118
\tagshift@=\dimen119
\tagwidth@=\dimen120
\totwidth@=\dimen121
\lineht@=\dimen122
\@envbody=\toks22
\multlinegap=\skip46
\multlinetaggap=\skip47
\mathdisplay@stack=\toks23
LaTeX Info: Redefining \[ on input line 2844.
LaTeX Info: Redefining \] on input line 2845.
)
(/usr/local/texlive/2019/texmf-dist/tex/latex/amsfonts/amsfonts.sty
Package: amsfonts 2013/01/14 v3.01 Basic AMSFonts support
\symAMSa=\mathgroup4
\symAMSb=\mathgroup5
LaTeX Font Info:    Overwriting math alphabet `\mathfrak' in version `bold'
(Font)                  U/euf/m/n --> U/euf/b/n on input line 106.
)
(/usr/local/texlive/2019/texmf-dist/tex/latex/bbm-macros/bbm.sty
Package: bbm 1999/03/15 V 1.2 provides fonts for set symbols - TH
LaTeX Font Info:    Overwriting math alphabet `\mathbbm' in version `bold'
(Font)                  U/bbm/m/n --> U/bbm/bx/n on input line 33.
LaTeX Font Info:    Overwriting math alphabet `\mathbbmss' in version `bold'
(Font)                  U/bbmss/m/n --> U/bbmss/bx/n on input line 35.
)
(/usr/local/texlive/2019/texmf-dist/tex/latex/siunitx/siunitx.sty
(/usr/local/texlive/2019/texmf-dist/tex/latex/l3kernel/expl3.sty
Package: expl3 2019-05-07 L3 programming layer (loader) 

(/usr/local/texlive/2019/texmf-dist/tex/latex/l3kernel/expl3-code.tex
Package: expl3 2019-05-07 L3 programming layer (code)
\c_max_int=\count103
\l_tmpa_int=\count104
\l_tmpb_int=\count105
\g_tmpa_int=\count106
\g_tmpb_int=\count107
\g__kernel_prg_map_int=\count108
\c__ior_term_ior=\count109
\c_log_iow=\count110
\l_iow_line_count_int=\count111
\l__iow_line_target_int=\count112
\l__iow_one_indent_int=\count113
\l__iow_indent_int=\count114
\c_zero_dim=\dimen123
\c_max_dim=\dimen124
\l_tmpa_dim=\dimen125
\l_tmpb_dim=\dimen126
\g_tmpa_dim=\dimen127
\g_tmpb_dim=\dimen128
\c_zero_skip=\skip48
\c_max_skip=\skip49
\l_tmpa_skip=\skip50
\l_tmpb_skip=\skip51
\g_tmpa_skip=\skip52
\g_tmpb_skip=\skip53
\c_zero_muskip=\muskip11
\c_max_muskip=\muskip12
\l_tmpa_muskip=\muskip13
\l_tmpb_muskip=\muskip14
\g_tmpa_muskip=\muskip15
\g_tmpb_muskip=\muskip16
\l_keys_choice_int=\count115
\l__intarray_loop_int=\count116
\c__intarray_sp_dim=\dimen129
\g__intarray_font_int=\count117
\c__fp_leading_shift_int=\count118
\c__fp_middle_shift_int=\count119
\c__fp_trailing_shift_int=\count120
\c__fp_big_leading_shift_int=\count121
\c__fp_big_middle_shift_int=\count122
\c__fp_big_trailing_shift_int=\count123
\c__fp_Bigg_leading_shift_int=\count124
\c__fp_Bigg_middle_shift_int=\count125
\c__fp_Bigg_trailing_shift_int=\count126
\c__kernel_randint_max_int=\count127
\g__fp_array_int=\count128
\l__fp_array_loop_int=\count129
\l__sort_length_int=\count130
\l__sort_min_int=\count131
\l__sort_top_int=\count132
\l__sort_max_int=\count133
\l__sort_true_max_int=\count134
\l__sort_block_int=\count135
\l__sort_begin_int=\count136
\l__sort_end_int=\count137
\l__sort_A_int=\count138
\l__sort_B_int=\count139
\l__sort_C_int=\count140
\l__tl_analysis_normal_int=\count141
\l__tl_analysis_index_int=\count142
\l__tl_analysis_nesting_int=\count143
\l__tl_analysis_type_int=\count144
\l__regex_internal_a_int=\count145
\l__regex_internal_b_int=\count146
\l__regex_internal_c_int=\count147
\l__regex_balance_int=\count148
\l__regex_group_level_int=\count149
\l__regex_mode_int=\count150
\c__regex_cs_in_class_mode_int=\count151
\c__regex_cs_mode_int=\count152
\l__regex_catcodes_int=\count153
\l__regex_default_catcodes_int=\count154
\c__regex_catcode_D_int=\count155
\c__regex_catcode_S_int=\count156
\c__regex_catcode_L_int=\count157
\c__regex_catcode_O_int=\count158
\c__regex_catcode_A_int=\count159
\c__regex_all_catcodes_int=\count160
\l__regex_show_lines_int=\count161
\l__regex_min_state_int=\count162
\l__regex_max_state_int=\count163
\l__regex_left_state_int=\count164
\l__regex_right_state_int=\count165
\l__regex_capturing_group_int=\count166
\l__regex_min_pos_int=\count167
\l__regex_max_pos_int=\count168
\l__regex_curr_pos_int=\count169
\l__regex_start_pos_int=\count170
\l__regex_success_pos_int=\count171
\l__regex_curr_char_int=\count172
\l__regex_curr_catcode_int=\count173
\l__regex_last_char_int=\count174
\l__regex_case_changed_char_int=\count175
\l__regex_curr_state_int=\count176
\l__regex_step_int=\count177
\l__regex_min_active_int=\count178
\l__regex_max_active_int=\count179
\l__regex_replacement_csnames_int=\count180
\l__regex_match_count_int=\count181
\l__regex_min_submatch_int=\count182
\l__regex_submatch_int=\count183
\l__regex_zeroth_submatch_int=\count184
\g__regex_trace_regex_int=\count185
\c_empty_box=\box31
\l_tmpa_box=\box32
\l_tmpb_box=\box33
\g_tmpa_box=\box34
\g_tmpb_box=\box35
\l__box_top_dim=\dimen130
\l__box_bottom_dim=\dimen131
\l__box_left_dim=\dimen132
\l__box_right_dim=\dimen133
\l__box_top_new_dim=\dimen134
\l__box_bottom_new_dim=\dimen135
\l__box_left_new_dim=\dimen136
\l__box_right_new_dim=\dimen137
\l__box_internal_box=\box36
\l__coffin_internal_box=\box37
\l__coffin_internal_dim=\dimen138
\l__coffin_offset_x_dim=\dimen139
\l__coffin_offset_y_dim=\dimen140
\l__coffin_x_dim=\dimen141
\l__coffin_y_dim=\dimen142
\l__coffin_x_prime_dim=\dimen143
\l__coffin_y_prime_dim=\dimen144
\c_empty_coffin=\box38
\l__coffin_aligned_coffin=\box39
\l__coffin_aligned_internal_coffin=\box40
\l_tmpa_coffin=\box41
\l_tmpb_coffin=\box42
\g_tmpa_coffin=\box43
\g_tmpb_coffin=\box44
\l__coffin_bounding_shift_dim=\dimen145
\l__coffin_left_corner_dim=\dimen146
\l__coffin_right_corner_dim=\dimen147
\l__coffin_bottom_corner_dim=\dimen148
\l__coffin_top_corner_dim=\dimen149
\l__coffin_scaled_total_height_dim=\dimen150
\l__coffin_scaled_width_dim=\dimen151
\c__coffin_empty_coffin=\box45
\l__coffin_display_coffin=\box46
\l__coffin_display_coord_coffin=\box47
\l__coffin_display_pole_coffin=\box48
\l__coffin_display_offset_dim=\dimen152
\l__coffin_display_x_dim=\dimen153
\l__coffin_display_y_dim=\dimen154
\g__file_internal_ior=\read2
\l__seq_internal_a_int=\count186
\l__seq_internal_b_int=\count187
\c__deprecation_minus_one=\count188
)
(/usr/local/texlive/2019/texmf-dist/tex/latex/l3kernel/l3pdfmode.def
File: l3pdfmode.def 2019-04-06 v L3 Experimental driver: PDF mode
\l__driver_color_stack_int=\count189
\l__driver_pdf_tmp_box=\box49
))
(/usr/local/texlive/2019/texmf-dist/tex/latex/l3packages/xparse/xparse.sty
Package: xparse 2019-05-03 L3 Experimental document command parser
\l__xparse_current_arg_int=\count190
\g__xparse_grabber_int=\count191
\l__xparse_m_args_int=\count192
\l__xparse_v_nesting_int=\count193
)
Package: siunitx 2018/05/17 v2.7s A comprehensive (SI) units package

(/usr/local/texlive/2019/texmf-dist/tex/latex/l3packages/l3keys2e/l3keys2e.sty
Package: l3keys2e 2019-05-03 LaTeX2e option processing using LaTeX3 keys
)
\l__siunitx_tmp_box=\box50
\l__siunitx_tmp_dim=\dimen155
\l__siunitx_tmp_int=\count194
\l__siunitx_number_mantissa_length_int=\count195
\l__siunitx_number_uncert_length_int=\count196
\l__siunitx_round_int=\count197
\l__siunitx_process_decimal_int=\count198
\l__siunitx_process_uncertainty_int=\count199
\l__siunitx_process_fixed_int=\count266
\l__siunitx_process_integer_min_int=\count267
\l__siunitx_process_precision_int=\count268
\l__siunitx_group_min_int=\count269
\l__siunitx_angle_marker_box=\box51
\l__siunitx_angle_unit_box=\box52
\l__siunitx_angle_marker_dim=\dimen156
\l__siunitx_angle_unit_dim=\dimen157
\l__siunitx_unit_int=\count270
\l__siunitx_unit_denominator_int=\count271
\l__siunitx_unit_numerator_int=\count272
\l__siunitx_unit_prefix_int=\count273
\l__siunitx_unit_prefix_base_int=\count274
\l__siunitx_unit_prefix_gram_int=\count275
\l__siunitx_number_product_int=\count276
\c__siunitx_one_fill_skip=\skip54
\l__siunitx_table_unit_align_skip=\skip55
\l__siunitx_table_exponent_dim=\dimen158
\l__siunitx_table_integer_dim=\dimen159
\l__siunitx_table_mantissa_dim=\dimen160
\l__siunitx_table_marker_dim=\dimen161
\l__siunitx_table_result_dim=\dimen162
\l__siunitx_table_uncert_dim=\dimen163
\l__siunitx_table_fill_pre_dim=\dimen164
\l__siunitx_table_fill_post_dim=\dimen165
\l__siunitx_table_fill_mid_dim=\dimen166
\l__siunitx_table_pre_box=\box53
\l__siunitx_table_post_box=\box54
\l__siunitx_table_mantissa_box=\box55
\l__siunitx_table_result_box=\box56
\l__siunitx_table_number_align_skip=\skip56
\l__siunitx_table_text_align_skip=\skip57
(/usr/local/texlive/2019/texmf-dist/tex/latex/translator/translator.sty
Package: translator 2018/01/04 v1.12 Easy translation of strings in LaTeX
))
(/usr/local/texlive/2019/texmf-dist/tex/latex/caption/caption.sty
Package: caption 2018/10/06 v3.3-154 Customizing captions (AR)

(/usr/local/texlive/2019/texmf-dist/tex/latex/caption/caption3.sty
Package: caption3 2018/09/12 v1.8c caption3 kernel (AR)
Package caption3 Info: TeX engine: e-TeX on input line 64.
\captionmargin=\dimen167
\captionmargin@=\dimen168
\captionwidth=\dimen169
\caption@tempdima=\dimen170
\caption@indent=\dimen171
\caption@parindent=\dimen172
\caption@hangindent=\dimen173
)
\c@caption@flags=\count277
\c@ContinuedFloat=\count278
)
(/usr/local/texlive/2019/texmf-dist/tex/latex/caption/subcaption.sty
Package: subcaption 2018/05/01 v1.1-162 Sub-captions (AR)
\c@subfigure=\count279
\c@subtable=\count280
)
(/usr/local/texlive/2019/texmf-dist/tex/latex/mathtools/empheq.sty
Package: empheq 2017/03/31 v2.15 Emphasizing equations

(/usr/local/texlive/2019/texmf-dist/tex/latex/mathtools/mhsetup.sty
Package: mhsetup 2017/03/31 v1.3 programming setup (MH)
)
(/usr/local/texlive/2019/texmf-dist/tex/latex/mathtools/mathtools.sty
Package: mathtools 2018/01/08 v1.21 mathematical typesetting tools

(/usr/local/texlive/2019/texmf-dist/tex/latex/tools/calc.sty
Package: calc 2017/05/25 v4.3 Infix arithmetic (KKT,FJ)
\calc@Acount=\count281
\calc@Bcount=\count282
\calc@Adimen=\dimen174
\calc@Bdimen=\dimen175
\calc@Askip=\skip58
\calc@Bskip=\skip59
LaTeX Info: Redefining \setlength on input line 80.
LaTeX Info: Redefining \addtolength on input line 81.
\calc@Ccount=\count283
\calc@Cskip=\skip60
)
LaTeX Info: Thecontrolsequence`\('isalreadyrobust on input line 129.
LaTeX Info: Thecontrolsequence`\)'isalreadyrobust on input line 129.
LaTeX Info: Thecontrolsequence`\['isalreadyrobust on input line 129.
LaTeX Info: Thecontrolsequence`\]'isalreadyrobust on input line 129.
\g_MT_multlinerow_int=\count284
\l_MT_multwidth_dim=\dimen176
\origjot=\skip61
\l_MT_shortvdotswithinadjustabove_dim=\dimen177
\l_MT_shortvdotswithinadjustbelow_dim=\dimen178
\l_MT_above_intertext_sep=\dimen179
\l_MT_below_intertext_sep=\dimen180
\l_MT_above_shortintertext_sep=\dimen181
\l_MT_below_shortintertext_sep=\dimen182
)
\l_EQ_equationtype_int=\count285
\l_EQ_alignmentmode_int=\count286
\l_EQ_totalwidth_dim=\dimen183
\l_EQ_displaywidth_dim=\dimen184
\l_EQ_temp_linewidth_dim=\dimen185
\EmphEqdelimitershortfall=\dimen186
\EmphEqdelimiterfactor=\count287
\g_EQ_toptag_height_dim=\dimen187
\g_EQ_bottomtag_depth_dim=\dimen188
\g_EQ_toprow_height_dim=\dimen189
\g_EQ_bottomrow_depth_dim=\dimen190
\g_EQ_widesttag_dim=\dimen191
\EQ_mathdisplay_box=\box57
\EQ_tag_box=\box58
\g_EQ_temprow_int=\count288
)
(/usr/local/texlive/2019/texmf-dist/tex/latex/float/float.sty
Package: float 2001/11/08 v1.3d Float enhancements (AL)
\c@float@type=\count289
\float@exts=\toks24
\float@box=\box59
\@float@everytoks=\toks25
\@floatcapt=\box60
)
(/usr/local/texlive/2019/texmf-dist/tex/latex/url/url.sty
\Urlmuskip=\muskip17
Package: url 2013/09/16  ver 3.4  Verb mode for urls, etc.
)
(/usr/local/texlive/2019/texmf-dist/tex/latex/fancyvrb/fancyvrb.sty
Package: fancyvrb 2019/01/15

Style option: `fancyvrb' v3.2a <2019/01/15> (tvz)
\FV@CodeLineNo=\count290
\FV@InFile=\read3
\FV@TabBox=\box61
\c@FancyVerbLine=\count291
\FV@StepNumber=\count292
\FV@OutFile=\write3
)
(/usr/local/texlive/2019/texmf-dist/tex/latex/fancyhdr/fancyhdr.sty
Package: fancyhdr 2019/01/31 v3.10 Extensive control of page headers and footer
s
\f@nch@headwidth=\skip62
\f@nch@O@elh=\skip63
\f@nch@O@erh=\skip64
\f@nch@O@olh=\skip65
\f@nch@O@orh=\skip66
\f@nch@O@elf=\skip67
\f@nch@O@erf=\skip68
\f@nch@O@olf=\skip69
\f@nch@O@orf=\skip70
)
(/usr/local/texlive/2019/texmf-dist/tex/latex/adjustbox/adjustbox.sty
Package: adjustbox 2019/01/04 v1.2 Adjusting TeX boxes (trim, clip, ...)

(/usr/local/texlive/2019/texmf-dist/tex/latex/xkeyval/xkeyval.sty
Package: xkeyval 2014/12/03 v2.7a package option processing (HA)

(/usr/local/texlive/2019/texmf-dist/tex/generic/xkeyval/xkeyval.tex
(/usr/local/texlive/2019/texmf-dist/tex/generic/xkeyval/xkvutils.tex
\XKV@toks=\toks26
\XKV@tempa@toks=\toks27
)
\XKV@depth=\count293
File: xkeyval.tex 2014/12/03 v2.7a key=value parser (HA)
))
(/usr/local/texlive/2019/texmf-dist/tex/latex/adjustbox/adjcalc.sty
Package: adjcalc 2012/05/16 v1.1 Provides advanced setlength with multiple back
-ends (calc, etex, pgfmath)
)
(/usr/local/texlive/2019/texmf-dist/tex/latex/adjustbox/trimclip.sty
Package: trimclip 2018/04/08 v1.1 Trim and clip general TeX material

(/usr/local/texlive/2019/texmf-dist/tex/latex/collectbox/collectbox.sty
Package: collectbox 2012/05/17 v0.4b Collect macro arguments as boxes
\collectedbox=\box62
)
\tc@llx=\dimen192
\tc@lly=\dimen193
\tc@urx=\dimen194
\tc@ury=\dimen195
Package trimclip Info: Using driver 'tc-pdftex.def'.

(/usr/local/texlive/2019/texmf-dist/tex/latex/adjustbox/tc-pdftex.def
File: tc-pdftex.def 2019/01/04 v2.2 Clipping driver for pdftex
))
\adjbox@Width=\dimen196
\adjbox@Height=\dimen197
\adjbox@Depth=\dimen198
\adjbox@Totalheight=\dimen199
\adjbox@pwidth=\dimen256
\adjbox@pheight=\dimen257
\adjbox@pdepth=\dimen258
\adjbox@ptotalheight=\dimen259

(/usr/local/texlive/2019/texmf-dist/tex/latex/ifoddpage/ifoddpage.sty
Package: ifoddpage 2016/04/23 v1.1 Conditionals for odd/even page detection
\c@checkoddpage=\count294
)
(/usr/local/texlive/2019/texmf-dist/tex/latex/varwidth/varwidth.sty
Package: varwidth 2009/03/30 ver 0.92;  Variable-width minipages
\@vwid@box=\box63
\sift@deathcycles=\count295
\@vwid@loff=\dimen260
\@vwid@roff=\dimen261
))
(/usr/local/texlive/2019/texmf-dist/tex/latex/xcolor/xcolor.sty
Package: xcolor 2016/05/11 v2.12 LaTeX color extensions (UK)

(/usr/local/texlive/2019/texmf-dist/tex/latex/graphics-cfg/color.cfg
File: color.cfg 2016/01/02 v1.6 sample color configuration
)
Package xcolor Info: Driver file: pdftex.def on input line 225.
Package xcolor Info: Model `cmy' substituted by `cmy0' on input line 1348.
Package xcolor Info: Model `hsb' substituted by `rgb' on input line 1352.
Package xcolor Info: Model `RGB' extended on input line 1364.
Package xcolor Info: Model `HTML' substituted by `rgb' on input line 1366.
Package xcolor Info: Model `Hsb' substituted by `hsb' on input line 1367.
Package xcolor Info: Model `tHsb' substituted by `hsb' on input line 1368.
Package xcolor Info: Model `HSB' substituted by `hsb' on input line 1369.
Package xcolor Info: Model `Gray' substituted by `gray' on input line 1370.
Package xcolor Info: Model `wave' substituted by `hsb' on input line 1371.
)
(/usr/local/texlive/2019/texmf-dist/tex/latex/tcolorbox/tcolorbox.sty
Package: tcolorbox 2019/03/02 version 4.20 text color boxes

(/usr/local/texlive/2019/texmf-dist/tex/latex/pgf/basiclayer/pgf.sty
(/usr/local/texlive/2019/texmf-dist/tex/latex/pgf/utilities/pgfrcs.sty
(/usr/local/texlive/2019/texmf-dist/tex/generic/pgf/utilities/pgfutil-common.te
x
\pgfutil@everybye=\toks28
\pgfutil@tempdima=\dimen262
\pgfutil@tempdimb=\dimen263

(/usr/local/texlive/2019/texmf-dist/tex/generic/pgf/utilities/pgfutil-common-li
sts.tex))
(/usr/local/texlive/2019/texmf-dist/tex/generic/pgf/utilities/pgfutil-latex.def
\pgfutil@abb=\box64
(/usr/local/texlive/2019/texmf-dist/tex/latex/ms/everyshi.sty
Package: everyshi 2001/05/15 v3.00 EveryShipout Package (MS)
))
(/usr/local/texlive/2019/texmf-dist/tex/generic/pgf/utilities/pgfrcs.code.tex
(/usr/local/texlive/2019/texmf-dist/tex/generic/pgf/pgf.revision.tex)
Package: pgfrcs 2019/04/04 v3.1.2 (3.1.2)
))
Package: pgf 2019/04/04 v3.1.2 (3.1.2)

(/usr/local/texlive/2019/texmf-dist/tex/latex/pgf/basiclayer/pgfcore.sty
(/usr/local/texlive/2019/texmf-dist/tex/latex/pgf/systemlayer/pgfsys.sty
(/usr/local/texlive/2019/texmf-dist/tex/generic/pgf/systemlayer/pgfsys.code.tex
Package: pgfsys 2019/04/04 v3.1.2 (3.1.2)
(/usr/local/texlive/2019/texmf-dist/tex/generic/pgf/utilities/pgfkeys.code.tex
\pgfkeys@pathtoks=\toks29
\pgfkeys@temptoks=\toks30

(/usr/local/texlive/2019/texmf-dist/tex/generic/pgf/utilities/pgfkeysfiltered.c
ode.tex
\pgfkeys@tmptoks=\toks31
))
\pgf@x=\dimen264
\pgf@y=\dimen265
\pgf@xa=\dimen266
\pgf@ya=\dimen267
\pgf@xb=\dimen268
\pgf@yb=\dimen269
\pgf@xc=\dimen270
\pgf@yc=\dimen271
\w@pgf@writea=\write4
\r@pgf@reada=\read4
\c@pgf@counta=\count296
\c@pgf@countb=\count297
\c@pgf@countc=\count298
\c@pgf@countd=\count299
\t@pgf@toka=\toks32
\t@pgf@tokb=\toks33
\t@pgf@tokc=\toks34
\pgf@sys@id@count=\count300

(/usr/local/texlive/2019/texmf-dist/tex/generic/pgf/systemlayer/pgf.cfg
File: pgf.cfg 2019/04/04 v3.1.2 (3.1.2)
)
Driver file for pgf: pgfsys-pdftex.def

(/usr/local/texlive/2019/texmf-dist/tex/generic/pgf/systemlayer/pgfsys-pdftex.d
ef
File: pgfsys-pdftex.def 2019/04/04 v3.1.2 (3.1.2)

(/usr/local/texlive/2019/texmf-dist/tex/generic/pgf/systemlayer/pgfsys-common-p
df.def
File: pgfsys-common-pdf.def 2019/04/04 v3.1.2 (3.1.2)
)))
(/usr/local/texlive/2019/texmf-dist/tex/generic/pgf/systemlayer/pgfsyssoftpath.
code.tex
File: pgfsyssoftpath.code.tex 2019/04/04 v3.1.2 (3.1.2)
\pgfsyssoftpath@smallbuffer@items=\count301
\pgfsyssoftpath@bigbuffer@items=\count302
)
(/usr/local/texlive/2019/texmf-dist/tex/generic/pgf/systemlayer/pgfsysprotocol.
code.tex
File: pgfsysprotocol.code.tex 2019/04/04 v3.1.2 (3.1.2)
))
(/usr/local/texlive/2019/texmf-dist/tex/generic/pgf/basiclayer/pgfcore.code.tex
Package: pgfcore 2019/04/04 v3.1.2 (3.1.2)
(/usr/local/texlive/2019/texmf-dist/tex/generic/pgf/math/pgfmath.code.tex
(/usr/local/texlive/2019/texmf-dist/tex/generic/pgf/math/pgfmathcalc.code.tex
(/usr/local/texlive/2019/texmf-dist/tex/generic/pgf/math/pgfmathutil.code.tex)
(/usr/local/texlive/2019/texmf-dist/tex/generic/pgf/math/pgfmathparser.code.tex
\pgfmath@dimen=\dimen272
\pgfmath@count=\count303
\pgfmath@box=\box65
\pgfmath@toks=\toks35
\pgfmath@stack@operand=\toks36
\pgfmath@stack@operation=\toks37
)
(/usr/local/texlive/2019/texmf-dist/tex/generic/pgf/math/pgfmathfunctions.code.
tex
(/usr/local/texlive/2019/texmf-dist/tex/generic/pgf/math/pgfmathfunctions.basic
.code.tex)
(/usr/local/texlive/2019/texmf-dist/tex/generic/pgf/math/pgfmathfunctions.trigo
nometric.code.tex)
(/usr/local/texlive/2019/texmf-dist/tex/generic/pgf/math/pgfmathfunctions.rando
m.code.tex)
(/usr/local/texlive/2019/texmf-dist/tex/generic/pgf/math/pgfmathfunctions.compa
rison.code.tex)
(/usr/local/texlive/2019/texmf-dist/tex/generic/pgf/math/pgfmathfunctions.base.
code.tex)
(/usr/local/texlive/2019/texmf-dist/tex/generic/pgf/math/pgfmathfunctions.round
.code.tex)
(/usr/local/texlive/2019/texmf-dist/tex/generic/pgf/math/pgfmathfunctions.misc.
code.tex)
(/usr/local/texlive/2019/texmf-dist/tex/generic/pgf/math/pgfmathfunctions.integ
erarithmetics.code.tex)))
(/usr/local/texlive/2019/texmf-dist/tex/generic/pgf/math/pgfmathfloat.code.tex
\c@pgfmathroundto@lastzeros=\count304
))
(/usr/local/texlive/2019/texmf-dist/tex/generic/pgf/basiclayer/pgfcorepoints.co
de.tex
File: pgfcorepoints.code.tex 2019/04/04 v3.1.2 (3.1.2)
\pgf@picminx=\dimen273
\pgf@picmaxx=\dimen274
\pgf@picminy=\dimen275
\pgf@picmaxy=\dimen276
\pgf@pathminx=\dimen277
\pgf@pathmaxx=\dimen278
\pgf@pathminy=\dimen279
\pgf@pathmaxy=\dimen280
\pgf@xx=\dimen281
\pgf@xy=\dimen282
\pgf@yx=\dimen283
\pgf@yy=\dimen284
\pgf@zx=\dimen285
\pgf@zy=\dimen286
)
(/usr/local/texlive/2019/texmf-dist/tex/generic/pgf/basiclayer/pgfcorepathconst
ruct.code.tex
File: pgfcorepathconstruct.code.tex 2019/04/04 v3.1.2 (3.1.2)
\pgf@path@lastx=\dimen287
\pgf@path@lasty=\dimen288
)
(/usr/local/texlive/2019/texmf-dist/tex/generic/pgf/basiclayer/pgfcorepathusage
.code.tex
File: pgfcorepathusage.code.tex 2019/04/04 v3.1.2 (3.1.2)
\pgf@shorten@end@additional=\dimen289
\pgf@shorten@start@additional=\dimen290
)
(/usr/local/texlive/2019/texmf-dist/tex/generic/pgf/basiclayer/pgfcorescopes.co
de.tex
File: pgfcorescopes.code.tex 2019/04/04 v3.1.2 (3.1.2)
\pgfpic=\box66
\pgf@hbox=\box67
\pgf@layerbox@main=\box68
\pgf@picture@serial@count=\count305
)
(/usr/local/texlive/2019/texmf-dist/tex/generic/pgf/basiclayer/pgfcoregraphicst
ate.code.tex
File: pgfcoregraphicstate.code.tex 2019/04/04 v3.1.2 (3.1.2)
\pgflinewidth=\dimen291
)
(/usr/local/texlive/2019/texmf-dist/tex/generic/pgf/basiclayer/pgfcoretransform
ations.code.tex
File: pgfcoretransformations.code.tex 2019/04/04 v3.1.2 (3.1.2)
\pgf@pt@x=\dimen292
\pgf@pt@y=\dimen293
\pgf@pt@temp=\dimen294
)
(/usr/local/texlive/2019/texmf-dist/tex/generic/pgf/basiclayer/pgfcorequick.cod
e.tex
File: pgfcorequick.code.tex 2019/04/04 v3.1.2 (3.1.2)
)
(/usr/local/texlive/2019/texmf-dist/tex/generic/pgf/basiclayer/pgfcoreobjects.c
ode.tex
File: pgfcoreobjects.code.tex 2019/04/04 v3.1.2 (3.1.2)
)
(/usr/local/texlive/2019/texmf-dist/tex/generic/pgf/basiclayer/pgfcorepathproce
ssing.code.tex
File: pgfcorepathprocessing.code.tex 2019/04/04 v3.1.2 (3.1.2)
)
(/usr/local/texlive/2019/texmf-dist/tex/generic/pgf/basiclayer/pgfcorearrows.co
de.tex
File: pgfcorearrows.code.tex 2019/04/04 v3.1.2 (3.1.2)
\pgfarrowsep=\dimen295
)
(/usr/local/texlive/2019/texmf-dist/tex/generic/pgf/basiclayer/pgfcoreshade.cod
e.tex
File: pgfcoreshade.code.tex 2019/04/04 v3.1.2 (3.1.2)
\pgf@max=\dimen296
\pgf@sys@shading@range@num=\count306
\pgf@shadingcount=\count307
)
(/usr/local/texlive/2019/texmf-dist/tex/generic/pgf/basiclayer/pgfcoreimage.cod
e.tex
File: pgfcoreimage.code.tex 2019/04/04 v3.1.2 (3.1.2)

(/usr/local/texlive/2019/texmf-dist/tex/generic/pgf/basiclayer/pgfcoreexternal.
code.tex
File: pgfcoreexternal.code.tex 2019/04/04 v3.1.2 (3.1.2)
\pgfexternal@startupbox=\box69
))
(/usr/local/texlive/2019/texmf-dist/tex/generic/pgf/basiclayer/pgfcorelayers.co
de.tex
File: pgfcorelayers.code.tex 2019/04/04 v3.1.2 (3.1.2)
)
(/usr/local/texlive/2019/texmf-dist/tex/generic/pgf/basiclayer/pgfcoretranspare
ncy.code.tex
File: pgfcoretransparency.code.tex 2019/04/04 v3.1.2 (3.1.2)
)
(/usr/local/texlive/2019/texmf-dist/tex/generic/pgf/basiclayer/pgfcorepatterns.
code.tex
File: pgfcorepatterns.code.tex 2019/04/04 v3.1.2 (3.1.2)
)
(/usr/local/texlive/2019/texmf-dist/tex/generic/pgf/basiclayer/pgfcorerdf.code.
tex
File: pgfcorerdf.code.tex 2019/04/04 v3.1.2 (3.1.2)
)))
(/usr/local/texlive/2019/texmf-dist/tex/generic/pgf/modules/pgfmoduleshapes.cod
e.tex
File: pgfmoduleshapes.code.tex 2019/04/04 v3.1.2 (3.1.2)
\pgfnodeparttextbox=\box70
)
(/usr/local/texlive/2019/texmf-dist/tex/generic/pgf/modules/pgfmoduleplot.code.
tex
File: pgfmoduleplot.code.tex 2019/04/04 v3.1.2 (3.1.2)
)
(/usr/local/texlive/2019/texmf-dist/tex/latex/pgf/compatibility/pgfcomp-version
-0-65.sty
Package: pgfcomp-version-0-65 2019/04/04 v3.1.2 (3.1.2)
\pgf@nodesepstart=\dimen297
\pgf@nodesepend=\dimen298
)
(/usr/local/texlive/2019/texmf-dist/tex/latex/pgf/compatibility/pgfcomp-version
-1-18.sty
Package: pgfcomp-version-1-18 2019/04/04 v3.1.2 (3.1.2)
)) (/usr/local/texlive/2019/texmf-dist/tex/latex/environ/environ.sty
Package: environ 2014/05/04 v0.3 A new way to define environments

(/usr/local/texlive/2019/texmf-dist/tex/latex/trimspaces/trimspaces.sty
Package: trimspaces 2009/09/17 v1.1 Trim spaces around a token list
))
\tcb@titlebox=\box71
\tcb@upperbox=\box72
\tcb@lowerbox=\box73
\tcb@phantombox=\box74
\c@tcbbreakpart=\count308
\c@tcblayer=\count309
\tcolorbox@number=\count310
\tcb@temp=\box75
\tcb@temp=\box76
\tcb@temp=\box77
\tcb@temp=\box78
\tcb@out=\write5
\tcb@record@out=\write6
)
(/usr/local/texlive/2019/texmf-dist/tex/latex/algorithm2e/algorithm2e.sty
Package: algorithm2e 2017/07/18 v5.2 algorithms environments
\c@AlgoLine=\count311

(/usr/local/texlive/2019/texmf-dist/tex/latex/base/ifthen.sty
Package: ifthen 2014/09/29 v1.1c Standard LaTeX ifthen package (DPC)
)
\algocf@hangindent=\skip71

(/usr/local/texlive/2019/texmf-dist/tex/latex/relsize/relsize.sty
Package: relsize 2013/03/29 ver 4.1
)
\skiptotal=\skip72
\skiplinenumber=\skip73
\skiprule=\skip74
\skiphlne=\skip75
\skiptext=\skip76
\skiplength=\skip77
\algomargin=\skip78
\skipalgocfslide=\skip79
\algowidth=\dimen299
\inoutsize=\dimen300
\inoutindent=\dimen301
\interspacetitleruled=\dimen302
\interspacealgoruled=\dimen303
\interspacetitleboxruled=\dimen304
\algocf@ruledwidth=\skip80
\algocf@inoutbox=\box79
\algocf@inputbox=\box80
\AlCapSkip=\skip81
\AlCapHSkip=\skip82
\algoskipindent=\skip83
\algocf@nlbox=\box81
\algocf@hangingbox=\box82
\algocf@untilbox=\box83
\algocf@skipuntil=\skip84
\algocf@capbox=\box84
\algocf@lcaptionbox=\skip85
\algoheightruledefault=\skip86
\algoheightrule=\skip87
\algotitleheightruledefault=\skip88
\algotitleheightrule=\skip89
\c@algocfline=\count312
\c@algocfproc=\count313
\c@algocf=\count314
\algocf@algoframe=\box85
\algocf@algobox=\box86
)
(/usr/local/texlive/2019/texmf-dist/tex/latex/booktabs/booktabs.sty
Package: booktabs 2016/04/27 v1.618033 publication quality tables
\heavyrulewidth=\dimen305
\lightrulewidth=\dimen306
\cmidrulewidth=\dimen307
\belowrulesep=\dimen308
\belowbottomsep=\dimen309
\aboverulesep=\dimen310
\abovetopsep=\dimen311
\cmidrulesep=\dimen312
\cmidrulekern=\dimen313
\defaultaddspace=\dimen314
\@cmidla=\count315
\@cmidlb=\count316
\@aboverulesep=\dimen315
\@belowrulesep=\dimen316
\@thisruleclass=\count317
\@lastruleclass=\count318
\@thisrulewidth=\dimen317
)
(./dissertation.aux

LaTeX Warning: Label `eq:naive_sequential_probability' multiply defined.


LaTeX Warning: Label `fig:cbow_skipgram' multiply defined.


LaTeX Warning: Label `fig:attention_is_all_you_need' multiply defined.


LaTeX Warning: Label `fig:cbow_skipgram' multiply defined.

)
Runaway argument?
{\contentsline {table}{\numberline {3.1}{\ignorespaces Table taken f 
! File ended while scanning use of \@writefile.
<inserted text> 
                \par 
l.55 \begin{document}
                     
I suspect you have forgotten a `}', causing me
to read past where you wanted me to stop.
I'll try to recover; but if the error is serious,
you'd better type `E' or `X' now and fix your file.

\openout1 = `dissertation.aux'.

LaTeX Font Info:    Checking defaults for OML/cmm/m/it on input line 55.
LaTeX Font Info:    ... okay on input line 55.
LaTeX Font Info:    Checking defaults for T1/cmr/m/n on input line 55.
LaTeX Font Info:    ... okay on input line 55.
LaTeX Font Info:    Checking defaults for OT1/cmr/m/n on input line 55.
LaTeX Font Info:    ... okay on input line 55.
LaTeX Font Info:    Checking defaults for OMS/cmsy/m/n on input line 55.
LaTeX Font Info:    ... okay on input line 55.
LaTeX Font Info:    Checking defaults for OMX/cmex/m/n on input line 55.
LaTeX Font Info:    ... okay on input line 55.
LaTeX Font Info:    Checking defaults for U/cmr/m/n on input line 55.
LaTeX Font Info:    ... okay on input line 55.
(/usr/local/texlive/2019/texmf-dist/tex/context/base/mkii/supp-pdf.mkii
[Loading MPS to PDF converter (version 2006.09.02).]
\scratchcounter=\count319
\scratchdimen=\dimen318
\scratchbox=\box87
\nofMPsegments=\count320
\nofMParguments=\count321
\everyMPshowfont=\toks38
\MPscratchCnt=\count322
\MPscratchDim=\dimen319
\MPnumerator=\count323
\makeMPintoPDFobject=\count324
\everyMPtoPDFconversion=\toks39
) (/usr/local/texlive/2019/texmf-dist/tex/latex/oberdiek/epstopdf-base.sty
Package: epstopdf-base 2016/05/15 v2.6 Base part for package epstopdf

(/usr/local/texlive/2019/texmf-dist/tex/latex/oberdiek/grfext.sty
Package: grfext 2016/05/16 v1.2 Manage graphics extensions (HO)

(/usr/local/texlive/2019/texmf-dist/tex/generic/oberdiek/kvdefinekeys.sty
Package: kvdefinekeys 2016/05/16 v1.4 Define keys (HO)
))
(/usr/local/texlive/2019/texmf-dist/tex/generic/oberdiek/pdftexcmds.sty
Package: pdftexcmds 2018/09/10 v0.29 Utility functions of pdfTeX for LuaTeX (HO
)

(/usr/local/texlive/2019/texmf-dist/tex/generic/oberdiek/ifpdf.sty
Package: ifpdf 2018/09/07 v3.3 Provides the ifpdf switch
)
Package pdftexcmds Info: LuaTeX not detected.
Package pdftexcmds Info: \pdf@primitive is available.
Package pdftexcmds Info: \pdf@ifprimitive is available.
Package pdftexcmds Info: \pdfdraftmode found.
)
Package epstopdf-base Info: Redefining graphics rule for `.eps' on input line 4
38.
Package grfext Info: Graphics extension search list:
(grfext)             [.pdf,.png,.jpg,.mps,.jpeg,.jbig2,.jb2,.PDF,.PNG,.JPG,.JPE
G,.JBIG2,.JB2,.eps]
(grfext)             \AppendGraphicsExtensions on input line 456.

(/usr/local/texlive/2019/texmf-dist/tex/latex/latexconfig/epstopdf-sys.cfg
File: epstopdf-sys.cfg 2010/07/13 v1.3 Configuration of (r)epstopdf for TeX Liv
e
))
Now handling font encoding TS1 ...
... processing UTF-8 mapping file for font encoding TS1

(/usr/local/texlive/2019/texmf-dist/tex/latex/base/ts1enc.dfu
File: ts1enc.dfu 2018/10/05 v1.2f UTF-8 support for inputenc
   defining Unicode char U+00A2 (decimal 162)
   defining Unicode char U+00A3 (decimal 163)
   defining Unicode char U+00A4 (decimal 164)
   defining Unicode char U+00A5 (decimal 165)
   defining Unicode char U+00A6 (decimal 166)
   defining Unicode char U+00A7 (decimal 167)
   defining Unicode char U+00A8 (decimal 168)
   defining Unicode char U+00A9 (decimal 169)
   defining Unicode char U+00AA (decimal 170)
   defining Unicode char U+00AC (decimal 172)
   defining Unicode char U+00AE (decimal 174)
   defining Unicode char U+00AF (decimal 175)
   defining Unicode char U+00B0 (decimal 176)
   defining Unicode char U+00B1 (decimal 177)
   defining Unicode char U+00B2 (decimal 178)
   defining Unicode char U+00B3 (decimal 179)
   defining Unicode char U+00B4 (decimal 180)
   defining Unicode char U+00B5 (decimal 181)
   defining Unicode char U+00B6 (decimal 182)
   defining Unicode char U+00B7 (decimal 183)
   defining Unicode char U+00B9 (decimal 185)
   defining Unicode char U+00BA (decimal 186)
   defining Unicode char U+00BC (decimal 188)
   defining Unicode char U+00BD (decimal 189)
   defining Unicode char U+00BE (decimal 190)
   defining Unicode char U+00D7 (decimal 215)
   defining Unicode char U+00F7 (decimal 247)
   defining Unicode char U+0192 (decimal 402)
   defining Unicode char U+02C7 (decimal 711)
   defining Unicode char U+02D8 (decimal 728)
   defining Unicode char U+02DD (decimal 733)
   defining Unicode char U+0E3F (decimal 3647)
   defining Unicode char U+2016 (decimal 8214)
   defining Unicode char U+2020 (decimal 8224)
   defining Unicode char U+2021 (decimal 8225)
   defining Unicode char U+2022 (decimal 8226)
   defining Unicode char U+2030 (decimal 8240)
   defining Unicode char U+2031 (decimal 8241)
   defining Unicode char U+203B (decimal 8251)
   defining Unicode char U+203D (decimal 8253)
   defining Unicode char U+2044 (decimal 8260)
   defining Unicode char U+204E (decimal 8270)
   defining Unicode char U+2052 (decimal 8274)
   defining Unicode char U+20A1 (decimal 8353)
   defining Unicode char U+20A4 (decimal 8356)
   defining Unicode char U+20A6 (decimal 8358)
   defining Unicode char U+20A9 (decimal 8361)
   defining Unicode char U+20AB (decimal 8363)
   defining Unicode char U+20AC (decimal 8364)
   defining Unicode char U+20B1 (decimal 8369)
   defining Unicode char U+2103 (decimal 8451)
   defining Unicode char U+2116 (decimal 8470)
   defining Unicode char U+2117 (decimal 8471)
   defining Unicode char U+211E (decimal 8478)
   defining Unicode char U+2120 (decimal 8480)
   defining Unicode char U+2122 (decimal 8482)
   defining Unicode char U+2126 (decimal 8486)
   defining Unicode char U+2127 (decimal 8487)
   defining Unicode char U+212E (decimal 8494)
   defining Unicode char U+2190 (decimal 8592)
   defining Unicode char U+2191 (decimal 8593)
   defining Unicode char U+2192 (decimal 8594)
   defining Unicode char U+2193 (decimal 8595)
   defining Unicode char U+2329 (decimal 9001)
   defining Unicode char U+232A (decimal 9002)
   defining Unicode char U+2422 (decimal 9250)
   defining Unicode char U+25E6 (decimal 9702)
   defining Unicode char U+25EF (decimal 9711)
   defining Unicode char U+266A (decimal 9834)
   defining Unicode char U+FEFF (decimal 65279)
)
(/usr/local/texlive/2019/texmf-dist/tex/latex/translator/translator-basic-dicti
onary-English.dict
Dictionary: translator-basic-dictionary, Language: English 
)
(/usr/local/texlive/2019/texmf-dist/tex/latex/siunitx/siunitx-abbreviations.cfg
File: siunitx-abbreviations.cfg 2017/11/26 v2.7k siunitx: Abbreviated units
)
Package caption Info: Begin \AtBeginDocument code.
Package caption Info: float package is loaded.
Package caption Info: End \AtBeginDocument code.
\Hy@linkcounter=\count325
 ABD: EveryShipout initializing macros
LaTeX Font Info:    Try loading font information for U+msa on input line 55.

(/usr/local/texlive/2019/texmf-dist/tex/latex/amsfonts/umsa.fd
File: umsa.fd 2013/01/14 v3.01 AMS symbols A
)
LaTeX Font Info:    Try loading font information for U+msb on input line 55.

(/usr/local/texlive/2019/texmf-dist/tex/latex/amsfonts/umsb.fd
File: umsb.fd 2013/01/14 v3.01 AMS symbols B
)
(./titlepage.tex [1

{/usr/local/texlive/2019/texmf-var/fonts/map/pdftex/updmap/pdftex.map}]) (./dec
laration.tex

Package Fancyhdr Warning: \headheight is too small (12.0pt): 
Make it at least 14.49998pt.
We now make it that large for the rest of the document.
This may cause the page layout to be inconsistent, however.

[2]
LaTeX Font Info:    Try loading font information for OMS+cmr on input line 25.
 (/usr/local/texlive/2019/texmf-dist/tex/latex/base/omscmr.fd
File: omscmr.fd 2014/09/29 v2.5h Standard LaTeX font definitions
)
LaTeX Font Info:    Font shape `OMS/cmr/m/n' in size <12> not available
(Font)              Font shape `OMS/cmsy/m/n' tried instead on input line 25.
 [3])
(./abstract.tex [4]
Underfull \hbox (badness 10000) in paragraph at lines 9--14

 []


Underfull \hbox (badness 10000) in paragraph at lines 15--24

 []

[5] [6]) [0] (./dissertation.toc)
\tf@toc=\write7
\openout7 = `dissertation.toc'.

 [1

] [2

] (./dissertation.lof)
\tf@lof=\write8
\openout8 = `dissertation.lof'.

 [3] [4

]
(./dissertation.lot)
\tf@lot=\write9
\openout9 = `dissertation.lot'.



Package array Warning: Column s is already defined on input line 92.

[1] [2

]
Chapter 1.

Overfull \hbox (1.79805pt too wide) in paragraph at lines 100--103
\OT1/cmr/m/n/12 A lot of progress has been made in Nat-u-ral Lan-guage Pro-cess
-ing \OT1/cmr/m/it/12 NLP \OT1/cmr/m/n/12 through
 []


Underfull \hbox (badness 10000) in paragraph at lines 104--109

 []


Underfull \hbox (badness 10000) in paragraph at lines 110--116

 []


Underfull \vbox (badness 2913) has occurred while \output is active []

 [3]
[4]

LaTeX Warning: Reference `section:UnderstandingBERT' on page 5 undefined on inp
ut line 144.


LaTeX Warning: Reference `section:ExploitingBERT' on page 5 undefined on input 
line 144.


LaTeX Warning: Reference `section:Conclusion' on page 5 undefined on input line
 145.

[5] [6

]
Chapter 2.

LaTeX Warning: Citation `harris54' on page 7 undefined on input line 151.


LaTeX Warning: Citation `harris54' on page 7 undefined on input line 156.


LaTeX Warning: Citation `hegel17' on page 7 undefined on input line 158.


LaTeX Warning: Citation `wittgenstein53' on page 7 undefined on input line 158.



Underfull \vbox (badness 10000) has occurred while \output is active []

 [7]
Underfull \hbox (badness 10000) in paragraph at lines 166--171

 []


LaTeX Warning: Citation `spacyb' on page 8 undefined on input line 173.


LaTeX Warning: Citation `spacy' on page 8 undefined on input line 174.


LaTeX Warning: Reference `appendix:linguistic_features' on page 8 undefined on 
input line 175.

[8]

LaTeX Warning: Characters dropped after `\end{verbatim}' on input line 187.


LaTeX Warning: Reference `sentence:man_travelled' on page 9 undefined on input 
line 200.


LaTeX Warning: Citation `sutskever11' on page 9 undefined on input line 206.


LaTeX Warning: Citation `lee17' on page 9 undefined on input line 206.


LaTeX Warning: Citation `gage94' on page 9 undefined on input line 208.


LaTeX Warning: Citation `sennrich16' on page 9 undefined on input line 208.

[9]

LaTeX Warning: Citation `wu16' on page 10 undefined on input line 222.


LaTeX Warning: Reference `sentence:man_travelled' on page 10 undefined on input
 line 225.

[10]

LaTeX Warning: Citation `ganea18' on page 11 undefined on input line 254.


LaTeX Warning: Citation `harris54' on page 11 undefined on input line 272.

[11]

LaTeX Warning: Citation `bengio03' on page 12 undefined on input line 290.

[12] [13]

LaTeX Warning: Citation `harris54' on page 14 undefined on input line 330.

<./assets/background/cbow_and_skipgram.png, id=95, 987.69pt x 590.205pt>
File: ./assets/background/cbow_and_skipgram.png Graphic file (type png)
<use ./assets/background/cbow_and_skipgram.png>
Package pdftex.def Info: ./assets/background/cbow_and_skipgram.png  used on inp
ut line 338.
(pdftex.def)             Requested size: 234.00238pt x 139.82391pt.

LaTeX Warning: Citation `mikolov13' on page 14 undefined on input line 339.


LaTeX Warning: Citation `mikolov13' on page 14 undefined on input line 339.


Overfull \hbox (4.07785pt too wide) in paragraph at lines 348--351
\OT1/cmr/m/n/12 data within cor-pora), we have not pre-sented meth-ods on how t
his parametriza-
 []

[14 <./assets/background/cbow_and_skipgram.png>] [15]

LaTeX Warning: Citation `cil_slides' on page 16 undefined on input line 363.

[16]

LaTeX Warning: Citation `ethayarajh19' on page 17 undefined on input line 386.


LaTeX Warning: Citation `mikolov13' on page 17 undefined on input line 391.


LaTeX Warning: Citation `mikolov13b' on page 17 undefined on input line 391.

<./assets/background/word2vec_cities.png, id=109, 913.4125pt x 660.4675pt>
File: ./assets/background/word2vec_cities.png Graphic file (type png)
<use ./assets/background/word2vec_cities.png>
Package pdftex.def Info: ./assets/background/word2vec_cities.png  used on input
 line 409.
(pdftex.def)             Requested size: 234.00238pt x 169.19801pt.

LaTeX Warning: Citation `mikolov13b' on page 17 undefined on input line 410.


LaTeX Warning: Citation `mikolov13b' on page 17 undefined on input line 410.


LaTeX Warning: `h' float specifier changed to `ht'.


Underfull \vbox (badness 1448) has occurred while \output is active []

 [17]

LaTeX Warning: Citation `pennington14' on page 18 undefined on input line 423.


Underfull \vbox (badness 10000) has occurred while \output is active []

 [18 <./assets/background/word2vec_cities.png>]

LaTeX Warning: Citation `bojanowski17' on page 19 undefined on input line 442.


LaTeX Warning: Citation `brazinskas19' on page 19 undefined on input line 444.


LaTeX Warning: Citation `yan19' on page 19 undefined on input line 445.


LaTeX Warning: Reference `appendix:GaussianEmbeddings' on page 19 undefined on 
input line 447.

[19]
Overfull \hbox (52.46619pt too wide) detected at line 472
[]
 []

<./assets/background/BERT_GPT_ELMo.png, id=122, 1217.54875pt x 301.125pt>
File: ./assets/background/BERT_GPT_ELMo.png Graphic file (type png)
<use ./assets/background/BERT_GPT_ELMo.png>
Package pdftex.def Info: ./assets/background/BERT_GPT_ELMo.png  used on input l
ine 481.
(pdftex.def)             Requested size: 390.0pt x 96.45386pt.

LaTeX Warning: Citation `devlin18' on page 20 undefined on input line 482.


LaTeX Warning: Citation `devlin18' on page 20 undefined on input line 482.


LaTeX Warning: `h' float specifier changed to `ht'.


LaTeX Warning: Citation `peters17b' on page 20 undefined on input line 488.

[20]

LaTeX Warning: Reference `appendix:LSTM' on page 21 undefined on input line 491
.

[21 <./assets/background/BERT_GPT_ELMo.png>]

LaTeX Warning: Citation `jozefowicz16' on page 22 undefined on input line 509.


Overfull \hbox (7.58377pt too wide) in paragraph at lines 508--513
\OT1/cmr/m/n/12 way through masked pre-training where the in-put se-quence $[\O
ML/cmm/m/it/12 w[]; [] ; w[]; [] ; w[]\OT1/cmr/m/n/12 ]$
 []


Overfull \hbox (51.35667pt too wide) in paragraph at lines 508--513
\OT1/cmr/m/n/12 is also ex-pected as the out-put se-quence off-set by one times
tep $[\OML/cmm/m/it/12 w[]; [] ; w[]; [] ; \OT1/cmr/m/n/12 [\OML/cmm/m/it/12 PA
D\OT1/cmr/m/n/12 ]]$.
 []

[22]

LaTeX Warning: Citation `vaswani17' on page 23 undefined on input line 528.


LaTeX Warning: Citation `bahdanau16' on page 23 undefined on input line 530.

<./assets/background/transformer_module.png, id=134, 515.9275pt x 732.7375pt>
File: ./assets/background/transformer_module.png Graphic file (type png)
<use ./assets/background/transformer_module.png>
Package pdftex.def Info: ./assets/background/transformer_module.png  used on in
put line 537.
(pdftex.def)             Requested size: 195.0pt x 276.94493pt.

LaTeX Warning: Citation `vaswani17' on page 23 undefined on input line 538.


LaTeX Warning: Citation `vaswani17' on page 23 undefined on input line 538.


Underfull \hbox (badness 10000) in paragraph at lines 542--545

 []


Underfull \vbox (badness 6032) has occurred while \output is active []

 [23 <./assets/background/transformer_module.png>]

LaTeX Warning: Citation `devlin18' on page 24 undefined on input line 552.


Underfull \hbox (badness 10000) in paragraph at lines 552--561

 []

[24]

LaTeX Warning: Citation `devlin18' on page 25 undefined on input line 575.


LaTeX Warning: Citation `devlin18' on page 25 undefined on input line 575.


LaTeX Warning: Citation `devlin18' on page 25 undefined on input line 592.


LaTeX Warning: Citation `devlin18' on page 25 undefined on input line 592.

[25]
<./assets/background/BERT_GLUE_finetune.png, id=145, 799.98875pt x 803.0pt>
File: ./assets/background/BERT_GLUE_finetune.png Graphic file (type png)
<use ./assets/background/BERT_GLUE_finetune.png>
Package pdftex.def Info: ./assets/background/BERT_GLUE_finetune.png  used on in
put line 602.
(pdftex.def)             Requested size: 312.00119pt x 313.181pt.


LaTeX Warning: Citation `devlin18' on page 26 undefined on input line 603.


LaTeX Warning: Citation `devlin18' on page 26 undefined on input line 603.


Overfull \hbox (20.30536pt too wide) in paragraph at lines 607--609
[]\OT1/cmr/m/n/12 Multiple ver-sions of BERT are pro-vided, in-clud-ing $\OML/c
mm/m/it/12 BERT[]$ \OT1/cmr/m/n/12 and $\OML/cmm/m/it/12 BERT[]$\OT1/cmr/m/n/12
 ,
 []


Underfull \vbox (badness 1527) has occurred while \output is active []

 [26 <./assets/background/BERT_GLUE_finetune.png>]
<./assets/experiments/pipeline_vanilla_BERT.png, id=151, 1192.455pt x 434.62375
pt>
File: ./assets/experiments/pipeline_vanilla_BERT.png Graphic file (type png)
<use ./assets/experiments/pipeline_vanilla_BERT.png>
Package pdftex.def Info: ./assets/experiments/pipeline_vanilla_BERT.png  used o
n input line 616.
(pdftex.def)             Requested size: 390.0pt x 142.14633pt.


LaTeX Warning: Citation `radford18' on page 27 undefined on input line 627.


LaTeX Warning: Citation `radford19' on page 27 undefined on input line 627.


LaTeX Warning: Citation `ba16' on page 27 undefined on input line 628.


LaTeX Warning: Citation `lan20' on page 27 undefined on input line 629.


LaTeX Warning: Citation `sanh19' on page 27 undefined on input line 629.


LaTeX Warning: Citation `moradshahi19' on page 27 undefined on input line 629.


LaTeX Warning: Citation `sun19' on page 27 undefined on input line 629.


LaTeX Warning: Citation `liu19' on page 27 undefined on input line 629.


LaTeX Warning: Citation `joshi19' on page 27 undefined on input line 629.


LaTeX Warning: Citation `wang19d' on page 27 undefined on input line 629.


LaTeX Warning: Citation `shen19' on page 27 undefined on input line 629.


LaTeX Warning: Citation `wang19e' on page 27 undefined on input line 630.

[27 <./assets/experiments/pipeline_vanilla_BERT.png>]

LaTeX Warning: Citation `wang19' on page 28 undefined on input line 634.


LaTeX Warning: Citation `wang19b' on page 28 undefined on input line 636.


LaTeX Warning: Citation `wang19' on page 28 undefined on input line 675.


LaTeX Warning: Citation `wang19' on page 28 undefined on input line 675.


LaTeX Warning: Reference `appendix:GLUE' on page 28 undefined on input line 682
.


LaTeX Warning: Citation `N18-1101' on page 28 undefined on input line 686.


LaTeX Warning: Citation `bowman2015' on page 28 undefined on input line 686.

[28]

LaTeX Warning: Citation `rajpurkar2016' on page 29 undefined on input line 693.



LaTeX Warning: Citation `dagan2005' on page 29 undefined on input line 716.


LaTeX Warning: Citation `bar2006' on page 29 undefined on input line 716.


LaTeX Warning: Citation `bentivogli2009' on page 29 undefined on input line 716
.


LaTeX Warning: Citation `giampiccolo2007' on page 29 undefined on input line 71
6.


Overfull \hbox (67.37315pt too wide) in paragraph at lines 729--729
[]\OT1/cmtt/m/n/12 Money raised from the sale will go into a trust for Hepburn'
s family. 
 []


Underfull \vbox (badness 5064) has occurred while \output is active []

 [29]

LaTeX Warning: Citation `levesque2012' on page 30 undefined on input line 735.


Overfull \hbox (36.49814pt too wide) in paragraph at lines 745--745
[]\OT1/cmtt/m/n/12 If Adam hadn't had a sudden run of good luck, he would have 
won.
 []


Overfull \hbox (85.89816pt too wide) in paragraph at lines 752--752
[]\OT1/cmtt/m/n/12 Mark told Pete many lies about himself, which Pete included 
in his book. 
 []


LaTeX Warning: Citation `miller90' on page 30 undefined on input line 762.

[30]

LaTeX Warning: Citation `miller90' on page 31 undefined on input line 777.


LaTeX Warning: Citation `miller90' on page 31 undefined on input line 799.


LaTeX Warning: Citation `miller90' on page 31 undefined on input line 799.


Underfull \vbox (badness 2512) has occurred while \output is active []

 [31]

LaTeX Warning: Reference `was_synset' on page 32 undefined on input line 811.


Overfull \hbox (23.41008pt too wide) in paragraph at lines 815--826
 [] 
 []


Overfull \hbox (23.41008pt too wide) in paragraph at lines 833--845
 [] 
 []


LaTeX Warning: Citation `francis64' on page 32 undefined on input line 854.


LaTeX Warning: Citation `miller94' on page 32 undefined on input line 855.

[32] [33]
Overfull \hbox (166.1732pt too wide) in paragraph at lines 880--880
[]\OT1/cmtt/m/n/12 None, Texas.1, halfback.1, None, does.0, not.1, even.7, know
, None, team.1, is, play, 
 []


Overfull \hbox (178.52321pt too wide) in paragraph at lines 881--881
[]\OT1/cmtt/m/n/12 None, ranks, fourth, in, 3, 1, 1, 1, scoring, None, three, 1
, after.1, three.1, games.1[] 
 []

<./assets/background/semcor_skew.png, id=175, 567.11874pt x 424.58624pt>
File: ./assets/background/semcor_skew.png Graphic file (type png)
<use ./assets/background/semcor_skew.png>
Package pdftex.def Info: ./assets/background/semcor_skew.png  used on input lin
e 887.
(pdftex.def)             Requested size: 234.00238pt x 175.18933pt.

LaTeX Warning: `h' float specifier changed to `ht'.

[34] [35 <./assets/background/semcor_skew.png>] [36

]
Chapter 3.

Overfull \hbox (3.59383pt too wide) in paragraph at lines 902--902
[]\OT1/cmr/bx/n/17.28 Clustering for Synsets in Static Word Em-
 []


LaTeX Warning: Citation `lloyd57' on page 37 undefined on input line 906.


LaTeX Warning: Citation `macqueen67' on page 37 undefined on input line 906.


LaTeX Warning: Reference `appendix:Clustering' on page 37 undefined on input li
ne 909.


LaTeX Warning: Citation `pelevina16' on page 37 undefined on input line 911.

[37]
<./assets/relatedwork/ego_network.png, id=189, 611.28375pt x 421.575pt>
File: ./assets/relatedwork/ego_network.png Graphic file (type png)
<use ./assets/relatedwork/ego_network.png>
Package pdftex.def Info: ./assets/relatedwork/ego_network.png  used on input li
ne 916.
(pdftex.def)             Requested size: 234.00238pt x 161.37733pt.


LaTeX Warning: Citation `pelevina16' on page 38 undefined on input line 917.


LaTeX Warning: Citation `pelevina16' on page 38 undefined on input line 917.


Package caption Warning: \captionsetup{type*=...} or \captionof
(caption)                outside box or environment on input line 939.
See the caption package documentation for explanation.


Underfull \vbox (badness 10000) has occurred while \output is active []

 [38 <./assets/relatedwork/ego_network.png>]

LaTeX Warning: Citation `pelevina16' on page 39 undefined on input line 941.


LaTeX Warning: Citation `pelevina16' on page 39 undefined on input line 941.


LaTeX Warning: Citation `arefyev19' on page 39 undefined on input line 943.


Underfull \hbox (badness 10000) in paragraph at lines 946--948

 []


LaTeX Warning: Citation `hagberg04' on page 39 undefined on input line 973.

[39]

LaTeX Warning: Citation `conneau17' on page 40 undefined on input line 975.


LaTeX Warning: Citation `biemann13' on page 40 undefined on input line 984.


LaTeX Warning: Citation `remus18' on page 40 undefined on input line 985.


LaTeX Warning: Citation `biemann06' on page 40 undefined on input line 986.


LaTeX Warning: Citation `bruni13' on page 40 undefined on input line 991.


LaTeX Warning: Citation `hill15' on page 40 undefined on input line 991.


LaTeX Warning: Citation `pilehvar19' on page 40 undefined on input line 992.


Underfull \hbox (badness 10000) in paragraph at lines 991--994

 []


Underfull \hbox (badness 10000) in paragraph at lines 995--996

 []


Overfull \hbox (5.62312pt too wide) in paragraph at lines 1007--1007
[]\OT1/cmtt/m/n/12 The expanded window will give us time to catch the thieves. 

 []


Overfull \hbox (5.62312pt too wide) in paragraph at lines 1008--1008
[]\OT1/cmtt/m/n/12 You have a two-hour window of clear weather to finish work.[
] 
 []


LaTeX Warning: Characters dropped after `\end{verbatim}' on input line 1010.


Underfull \vbox (badness 2680) has occurred while \output is active []

 [40]

LaTeX Warning: Citation `navigli19' on page 41 undefined on input line 1013.


LaTeX Warning: Citation `denkowski09' on page 41 undefined on input line 1014.


LaTeX Warning: Citation `reimers19' on page 41 undefined on input line 1016.


LaTeX Warning: Citation `mickus19' on page 41 undefined on input line 1022.


LaTeX Warning: Citation `rousseeuw87' on page 41 undefined on input line 1029.


LaTeX Warning: Citation `wiktionary' on page 41 undefined on input line 1030.


Underfull \hbox (badness 10000) in paragraph at lines 1022--1035

 []

[41]

LaTeX Warning: Citation `wiedmann19' on page 42 undefined on input line 1036.


LaTeX Warning: Citation `kageback16' on page 42 undefined on input line 1041.


LaTeX Warning: Citation `miller91' on page 42 undefined on input line 1044.

<./assets/relatedwork/wsd_bert.png, id=205, 1221.56375pt x 456.70625pt>
File: ./assets/relatedwork/wsd_bert.png Graphic file (type png)
<use ./assets/relatedwork/wsd_bert.png>
Package pdftex.def Info: ./assets/relatedwork/wsd_bert.png  used on input line 
1049.
(pdftex.def)             Requested size: 350.99762pt x 131.22885pt.

LaTeX Warning: Citation `wiedmann19' on page 42 undefined on input line 1051.


LaTeX Warning: Citation `wiedmann19' on page 42 undefined on input line 1051.


LaTeX Warning: `h' float specifier changed to `ht'.


Underfull \hbox (badness 10000) in paragraph at lines 1055--1057

 []


Underfull \vbox (badness 10000) has occurred while \output is active []

 [42]

LaTeX Warning: Citation `ethayarajh19' on page 43 undefined on input line 1058.



Underfull \hbox (badness 10000) in paragraph at lines 1058--1064

 []


Underfull \vbox (badness 3240) has occurred while \output is active []

 [43 <./assets/relatedwork/wsd_bert.png>]
Underfull \hbox (badness 10000) in paragraph at lines 1087--1100

 []


Underfull \vbox (badness 10000) has occurred while \output is active []

 [44]

LaTeX Warning: Citation `camachocollados18' on page 45 undefined on input line 
1101.


Underfull \hbox (badness 10000) in paragraph at lines 1101--1113

 []


LaTeX Warning: Citation `liebeskind19' on page 45 undefined on input line 1114.



LaTeX Warning: Citation `shi19' on page 45 undefined on input line 1117.


LaTeX Warning: Citation `carreras04' on page 45 undefined on input line 1119.


LaTeX Warning: Citation `pradhan13' on page 45 undefined on input line 1119.


Underfull \hbox (badness 10000) in paragraph at lines 1117--1121

 []


Underfull \vbox (badness 10000) has occurred while \output is active []

 [45]

LaTeX Warning: Citation `levine19' on page 46 undefined on input line 1122.

<./assets/relatedwork/sensebert.png, id=220, 1241.63875pt x 206.7725pt>
File: ./assets/relatedwork/sensebert.png Graphic file (type png)
<use ./assets/relatedwork/sensebert.png>
Package pdftex.def Info: ./assets/relatedwork/sensebert.png  used on input line
 1129.
(pdftex.def)             Requested size: 390.0pt x 64.94753pt.

LaTeX Warning: Citation `levine19' on page 46 undefined on input line 1130.


LaTeX Warning: Citation `levine19' on page 46 undefined on input line 1130.


Underfull \hbox (badness 10000) in paragraph at lines 1134--1137

 []


LaTeX Warning: Citation `si19' on page 46 undefined on input line 1139.


LaTeX Warning: Citation `lee19' on page 46 undefined on input line 1141.


Underfull \hbox (badness 10000) in paragraph at lines 1138--1143

 []


Underfull \vbox (badness 10000) has occurred while \output is active []

 [46 <./assets/relatedwork/sensebert.png>]
<./assets/relatedwork/cold_fictional_desired.png, id=225, 571.13374pt x 372.391
25pt>
File: ./assets/relatedwork/cold_fictional_desired.png Graphic file (type png)
<use ./assets/relatedwork/cold_fictional_desired.png>
Package pdftex.def Info: ./assets/relatedwork/cold_fictional_desired.png  used 
on input line 1146.
(pdftex.def)             Requested size: 155.99762pt x 101.71182pt.


LaTeX Warning: Citation `si19' on page 47 undefined on input line 1148.


LaTeX Warning: Citation `si19' on page 47 undefined on input line 1148.

<./assets/relatedwork/cold_biobert.png, id=226, 387.4475pt x 389.455pt>
File: ./assets/relatedwork/cold_biobert.png Graphic file (type png)
<use ./assets/relatedwork/cold_biobert.png>
Package pdftex.def Info: ./assets/relatedwork/cold_biobert.png  used on input l
ine 1154.
(pdftex.def)             Requested size: 117.00119pt x 117.60399pt.

LaTeX Warning: Citation `si19' on page 47 undefined on input line 1155.


LaTeX Warning: Citation `si19' on page 47 undefined on input line 1155.


LaTeX Warning: Citation `ribeiro19' on page 47 undefined on input line 1170.


LaTeX Warning: Citation `biemann06' on page 47 undefined on input line 1172.

[47 <./assets/relatedwork/cold_fictional_desired.png> <./assets/relatedwork/col
d_biobert.png>]

LaTeX Warning: Citation `baker98' on page 48 undefined on input line 1191.


Underfull \hbox (badness 10000) in paragraph at lines 1189--1192

 []


LaTeX Warning: Citation `coenen19' on page 48 undefined on input line 1193.


LaTeX Warning: Citation `marcus93' on page 48 undefined on input line 1197.


LaTeX Warning: Citation `hewitt19' on page 48 undefined on input line 1199.

<./assets/relatedwork/BERT_tree.png, id=232, 905.3825pt x 355.3275pt>
File: ./assets/relatedwork/BERT_tree.png Graphic file (type png)
<use ./assets/relatedwork/BERT_tree.png>
Package pdftex.def Info: ./assets/relatedwork/BERT_tree.png  used on input line
 1204.
(pdftex.def)             Requested size: 390.0pt x 153.05893pt.

LaTeX Warning: Citation `coenen19' on page 48 undefined on input line 1205.


LaTeX Warning: Citation `coenen19' on page 48 undefined on input line 1205.


Underfull \vbox (badness 10000) has occurred while \output is active []

 [48]

LaTeX Warning: Reference `BERT_plurality' on page 49 undefined on input line 12
12.

<./assets/relatedwork/BERT_plurality.png, id=236, 911.405pt x 468.75125pt>
File: ./assets/relatedwork/BERT_plurality.png Graphic file (type png)
<use ./assets/relatedwork/BERT_plurality.png>
Package pdftex.def Info: ./assets/relatedwpdftex.def Info: ./assets/experiments/variance_in_BERT_embeddings.png  
used on input line 2015.
(pdftex.def)             Requested size: 195.0pt x 196.86586pt.

Underfull \vbox (badness 10000) has occurred while \output is active []

 [78]
Underfull \hbox (badness 2253) in paragraph at lines 2027--2027
[]\OT1/cmr/bx/n/17.28 BERNIE: Equal-iz-ing vari-ances across
 []

[79 <./assets/experiments/variance_in_BERT_embeddings.png>]
<./assets/experiments/pipeline_tokenizer_BERnie_POS_input.png, id=383, 1172.38p
t x 439.6425pt>
File: ./assets/experiments/pipeline_tokenizer_BERnie_POS_input.png Graphic file
 (type png)
<use ./assets/experiments/pipeline_tokenizer_BERnie_POS_input.png>
Package pdftex.def Info: ./assets/experiments/pipeline_tokenizer_BERnie_POS_inp
ut.png  used on input line 2058.
(pdftex.def)             Requested size: 390.0pt x 146.24973pt.

Underfull \vbox (badness 10000) has occurred while \output is active []

 [80]
<./assets/experiments/pipeline_model_BERnie_POS_initialization.png, id=387, 108
1.03876pt x 439.6425pt>
File: ./assets/experiments/pipeline_model_BERnie_POS_initialization.png Graphic
 file (type png)
<use ./assets/experiments/pipeline_model_BERnie_POS_initialization.png>
Package pdftex.def Info: ./assets/experiments/pipeline_model_BERnie_POS_initial
ization.png  used on input line 2075.
(pdftex.def)             Requested size: 390.0pt x 158.6066pt.

Underfull \vbox (badness 10000) has occurred while \output is active []

 [81 <./assets/experiments/pipeline_tokenizer_BERnie_POS_input.png>]
<./assets/experiments/pipeline_tokenizer_BERnie_POS_sentence.png, id=392, 707.6
4375pt x 418.56375pt>
File: ./assets/experiments/pipeline_tokenizer_BERnie_POS_sentence.png Graphic f
ile (type png)
<use ./assets/experiments/pipeline_tokenizer_BERnie_POS_sentence.png>
Package pdftex.def Info: ./assets/experiments/pipeline_tokenizer_BERnie_POS_sen
tence.png  used on input line 2086.
(pdftex.def)             Requested size: 195.0pt x 115.3385pt.
<./assets/experiments/pipeline_model_BERnie_POS.png, id=393, 871.255pt x 445.66
5pt>
File: ./assets/experiments/pipeline_model_BERnie_POS.png Graphic file (type png
)
<use ./assets/experiments/pipeline_model_BERnie_POS.png>
Package pdftex.def Info: ./assets/experiments/pipeline_model_BERnie_POS.png  us
ed on input line 2093.
(pdftex.def)             Requested size: 253.49762pt x 129.66795pt.

Overfull \hbox (58.49762pt too wide) in paragraph at lines 2084--2097
[]$[]$ $[]$ 
 []


Underfull \vbox (badness 10000) has occurred while \output is active []

 [82 <./assets/experiments/pipeline_model_BERnie_POS_initialization.png> <./ass
ets/experiments/pipeline_tokenizer_BERnie_POS_sentence.png> <./assets/experimen
ts/pipeline_model_BERnie_POS.png>]
<./assets/experiments/pipeline_tokenizer_BERnie_meaning_.png, id=401, 923.45pt 
x 345.29pt>
File: ./assets/experiments/pipeline_tokenizer_BERnie_meaning_.png Graphic file 
(type png)
<use ./assets/experiments/pipeline_tokenizer_BERnie_meaning_.png>
Package pdftex.def Info: ./assets/experiments/pipeline_tokenizer_BERnie_meaning
_.png  used on input line 2120.
(pdftex.def)             Requested size: 390.0pt x 145.8269pt.

Underfull \vbox (badness 10000) has occurred while \output is active []

 [83]
<./assets/experiments/pipeline_tokenizer_BERnie_meaning.png, id=405, 707.64375p
t x 317.185pt>
File: ./assets/experiments/pipeline_tokenizer_BERnie_meaning.png Graphic file (
type png)
<use ./assets/experiments/pipeline_tokenizer_BERnie_meaning.png>
Package pdftex.def Info: ./assets/experiments/pipeline_tokenizer_BERnie_meaning
.png  used on input line 2145.
(pdftex.def)             Requested size: 195.0pt x 87.40279pt.

Underfull \hbox (badness 2951) in paragraph at lines 2146--2146
[]\OT1/cmr/m/n/10.95 (a) |The clustering-modified to-k-enizer
 []

<./assets/experiments/pipeline_model_BERnie_meaning_embedding.png, id=406, 698.
61pt x 343.2825pt>
File: ./assets/experiments/pipeline_model_BERnie_meaning_embedding.png Graphic 
file (type png)
<use ./assets/experiments/pipeline_model_BERnie_meaning_embedding.png>
Package pdftex.def Info: ./assets/experiments/pipeline_model_BERnie_meaning_emb
edding.png  used on input line 2151.
(pdftex.def)             Requested size: 214.50119pt x 105.40028pt.

Overfull \hbox (19.50119pt too wide) in paragraph at lines 2143--2155
 []$$[]$ 
 []


Underfull \vbox (badness 10000) has occurred while \output is active []

 [84 <./assets/experiments/pipeline_tokenizer_BERnie_meaning_.png>]
<./assets/experiments/pipeline_model_BERnie_meaning.png, id=411, 897.3525pt x 3
45.29pt>
File: ./assets/experiments/pipeline_model_BERnie_meaning.png Graphic file (type
 png)
<use ./assets/experiments/pipeline_model_BERnie_meaning.png>
Package pdftex.def Info: ./assets/experiments/pipeline_model_BERnie_meaning.png
  used on input line 2164.
(pdftex.def)             Requested size: 390.0pt x 150.06294pt.
 [85 <./assets/experiments/pipeline_tokenizer_BERnie_meaning.png> <./assets/exp
eriments/pipeline_model_BERnie_meaning_embedding.png> <./assets/experiments/pip
eline_model_BERnie_meaning.png>]
Underfull \vbox (badness 10000) has occurred while \output is active []

 [86]
Underfull \vbox (badness 10000) has occurred while \output is active []

 [87]
Overfull \hbox (27.11707pt too wide) in paragraph at lines 2294--2298
[][] 
 []

[88]
Chapter 6.

Underfull \hbox (badness 10000) in paragraph at lines 2307--2313

 []

[89

] [90] [91] (./dissertation.bbl [92]
Underfull \hbox (badness 10000) in paragraph at lines 4--8
[]\OT1/cmr/m/n/12 Computational in-tel-li-gence lab: Lec-ture 5 em-bed-dings.
 []


Underfull \hbox (badness 10000) in paragraph at lines 4--8
\OT1/cmtt/m/n/12 http : / / da . inf . ethz . ch / teaching / 2019 / CIL / lect
ure /
 []


Underfull \hbox (badness 10000) in paragraph at lines 25--28
[]\OT1/cmr/m/n/12 Understanding lstms.  $\OT1/cmtt/m/n/12 https : / / colah . g
ithub . io / posts /
 []


Underfull \vbox (badness 10000) has occurred while \output is active []

 [93

]
Underfull \hbox (badness 1442) in paragraph at lines 108--111
[]\OT1/cmr/m/n/12 Piotr Bo-janowski, Edouard Grave, Ar-mand Joulin, and Tomas
 []

[94] [95] [96]
Underfull \hbox (badness 10000) in paragraph at lines 384--387
[]\OT1/cmr/m/n/12 Guillaume Lam-ple, Alexis Con-neau, Lu-dovic De-noyer, and
 []


Underfull \hbox (badness 1342) in paragraph at lines 384--387
\OT1/cmr/m/n/12 Marc'Aurelio Ran-zato.  Un-su-per-vised ma-chine trans-la-tion 
us-ing
 []

[97] [98] [99] [100] [101]
Underfull \hbox (badness 2547) in paragraph at lines 791--795
[]\OT1/cmr/m/n/12 Xun Wang, Xin-tong Han, Weilin Huang, Dengke Dong, and
 []

[102]) [103] [104

]
Appendix A.

Overfull \hbox (74.7302pt too wide) in paragraph at lines 2375--2393
 [][] 
 []

[105]
Underfull \hbox (badness 10000) in paragraph at lines 2416--2417

 []


Underfull \hbox (badness 10000) in paragraph at lines 2424--2426

 []


Underfull \vbox (badness 10000) has occurred while \output is active []

 [106]
Underfull \vbox (badness 10000) has occurred while \output is active []

 [107]
<./assets/background/LSTM.png, id=488, 773.89125pt x 274.02374pt>
File: ./assets/background/LSTM.png Graphic file (type png)
<use ./assets/background/LSTM.png>
Package pdftex.def Info: ./assets/background/LSTM.png  used on input line 2482.

(pdftex.def)             Requested size: 390.0pt x 138.09447pt.

Underfull \vbox (badness 7133) has occurred while \output is active []

 [108 <./assets/background/LSTM.png>]
Overfull \hbox (97.82524pt too wide) in paragraph at lines 2537--2537
[]\OT1/cmtt/m/n/12 Prosecutors filed a motion informing Lee they intend to seek
 the death penalty.
 []


Overfull \hbox (42.25021pt too wide) in paragraph at lines 2543--2543
[]\OT1/cmtt/m/n/12 A former teammate , Carlton Dotson , has been charged with t
he murder.
 []


Overfull \hbox (252.20032pt too wide) in paragraph at lines 2544--2544
[]\OT1/cmtt/m/n/12 His body was found July 25 , and former teammate Carlton Dot
son has been charged in his shooting death .[] 
 []

[109] [110]
Appendix B.

Underfull \vbox (badness 10000) has occurred while \output is active []

 [111

]
Underfull \hbox (badness 10000) in paragraph at lines 2604--2606

 []

[112]
Underfull \vbox (badness 10000) has occurred while \output is active []

 [113]
\c@mydef=\count326
<./assets/relatedwork/metric_learning_example.png, id=511, 1361.085pt x 488.826
25pt>
File: ./assets/relatedwork/metric_learning_example.png Graphic file (type png)
<use ./assets/relatedwork/metric_learning_example.png>
Package pdftex.def Info: ./assets/relatedwork/metric_learning_example.png  used
 on input line 2709.
(pdftex.def)             Requested size: 390.0pt x 140.0628pt.

Underfull \vbox (badness 10000) has occurred while \output is active []

 [114]
Underfull \hbox (badness 1924) in paragraph at lines 2720--2721
 \OT1/cmr/bx/n/12 Di-men-sion-al-ity Re-duc-tion[] \OT1/cmr/m/n/12 tech-niques 
in-clude prin-ci-pal com-po-nent
 []

<./assets/relatedwork/metric_learning.png, id=515, 1048.91875pt x 897.3525pt>
File: ./assets/relatedwork/metric_learning.png Graphic file (type png)
<use ./assets/relatedwork/metric_learning.png>
Package pdftex.def Info: ./assets/relatedwork/metric_learning.png  used on inpu
t line 2730.
(pdftex.def)             Requested size: 390.0pt x 333.64462pt.

Underfull \vbox (badness 10000) has occurred while \output is active []

 [115 <./assets/relatedwork/metric_learning_example.png>]
Overfull \hbox (29.9002pt too wide) in paragraph at lines 2749--2749
[]            \OT1/cmtt/m/n/12 torch.sum((latent_1 - latent_2) * (latent_1 - la
tent_2))[] 
 []

[116 <./assets/relatedwork/metric_learning.png>]
Underfull \hbox (badness 10000) in paragraph at lines 2763--2766

 []


Underfull \vbox (badness 10000) has occurred while \output is active []

 [117]
<./assets/relatedwork/embeddings_by_language.png, id=528, 824.07875pt x 630.355
pt>
File: ./assets/relatedwork/embeddings_by_language.png Graphic file (type png)
<use ./assets/relatedwork/embeddings_by_language.png>
Package pdftex.def Info: ./assets/relatedwork/embeddings_by_language.png  used 
on input line 2793.
(pdftex.def)             Requested size: 234.00238pt x 178.98936pt.

Underfull \vbox (badness 6461) has occurred while \output is active []

 [118 <./assets/relatedwork/embeddings_by_language.png>] [119] [120

]
Appendix C.

Underfull \hbox (badness 10000) in alignment at lines 2841--2841
[][][]
 []


Underfull \hbox (badness 10000) in alignment at lines 2855--2855
[][][]
 []

[121]
Underfull \hbox (badness 10000) in alignment at lines 2870--2870
[][][]
 []


Overfull \hbox (141.05026pt too wide) detected at line 2890
[]
 []


Overfull \hbox (307.77534pt too wide) detected at line 2907
[]
 []


Overfull \hbox (103.92386pt too wide) in paragraph at lines 2907--2908
[][] 
 []


Overfull \hbox (147.22527pt too wide) detected at line 2925
[]
 []


Underfull \vbox (badness 5189) has occurred while \output is active []

 [122]
Overfull \hbox (425.1004pt too wide) detected at line 2943
[]
 []


Overfull \hbox (186.05104pt too wide) in paragraph at lines 2943--2944
[][] 
 []


Overfull \hbox (239.85031pt too wide) detected at line 2961
[]
 []


Overfull \hbox (56.37654pt too wide) in paragraph at lines 2961--2962
[][] 
 []


Overfull \hbox (252.20032pt too wide) detected at line 2980
[]
 []


Overfull \hbox (65.0215pt too wide) in paragraph at lines 2980--2981
[][] 
 []


Underfull \vbox (badness 10000) has occurred while \output is active []

 [123]
Overfull \hbox (246.02531pt too wide) detected at line 2998
[]
 []


Overfull \hbox (60.69902pt too wide) in paragraph at lines 2998--2999
[][] 
 []


Overfull \hbox (338.65036pt too wide) detected at line 3018
[]
 []


Overfull \hbox (125.53627pt too wide) in paragraph at lines 3018--3019
[][] 
 []


Overfull \hbox (295.42534pt too wide) detected at line 3033
[]
 []


Overfull \hbox (95.27888pt too wide) in paragraph at lines 3033--3034
[][] 
 []


Underfull \vbox (badness 10000) has occurred while \output is active []

 [124]
Overfull \hbox (270.72533pt too wide) detected at line 3050
[]
 []


Overfull \hbox (77.98895pt too wide) in paragraph at lines 3050--3051
[][] 
 []


Overfull \hbox (400.40039pt too wide) detected at line 3069
[]
 []


Overfull \hbox (168.76111pt too wide) in paragraph at lines 3069--3070
[][] 
 []

[125] [126]
Appendix D.
<./assets/relatedwork/muse.png, id=558, 1045.9075pt x 219.82124pt>
File: ./assets/relatedwork/muse.png Graphic file (type png)
<use ./assets/relatedwork/muse.png>
Package pdftex.def Info: ./assets/relatedwork/muse.png  used on input line 3123
.
(pdftex.def)             Requested size: 390.0pt x 81.96652pt.
[127

 <./assets/relatedwork/muse.png>]
Underfull \hbox (badness 3138) in paragraph at lines 3136--3140
[]\OT1/cmr/m/n/12 A gen-er-al-iza-tion of these word vec-tors to point-vector p
robability-
 []


Underfull \vbox (badness 10000) has occurred while \output is active []

 [128]
[129] [130] (./dissertation.aux)

LaTeX Warning: There were undefined references.


LaTeX Warning: There were multiply-defined labels.

 ) 
Here is how much of TeX's memory you used:
 29072 strings out of 492616
 583820 string characters out of 6129480
 597696 words of memory out of 5000000
 32548 multiletter control sequences out of 15000+600000
 544635 words of font info for 68 fonts, out of 8000000 for 9000
 1141 hyphenation exceptions out of 8191
 54i,22n,77p,2032b,698s stack positions out of 5000i,500n,10000p,200000b,80000s
</usr/local/texlive/2019/texmf-dist/fonts/type1/public/amsfonts/cm/cmbx12.pfb
></usr/local/texlive/2019/texmf-dist/fonts/type1/public/amsfonts/cm/cmbx8.pfb><
/usr/local/texlive/2019/texmf-dist/fonts/type1/public/amsfonts/cm/cmbxti10.pfb>
</usr/local/texlive/2019/texmf-dist/fonts/type1/public/amsfonts/cm/cmcsc10.pfb>
</usr/local/texlive/2019/texmf-dist/fonts/type1/public/amsfonts/cm/cmex10.pfb><
/usr/local/texlive/2019/texmf-dist/fonts/type1/public/amsfonts/cm/cmmi12.pfb></
usr/local/texlive/2019/texmf-dist/fonts/type1/public/amsfonts/cm/cmmi6.pfb></us
r/local/texlive/2019/texmf-dist/fonts/type1/public/amsfonts/cm/cmmi8.pfb></usr/
local/texlive/2019/texmf-dist/fonts/type1/public/amsfonts/cm/cmmib10.pfb></usr/
local/texlive/2019/texmf-dist/fonts/type1/public/amsfonts/cmextra/cmmib8.pfb></
usr/local/texlive/2019/texmf-dist/fonts/type1/public/amsfonts/cm/cmr10.pfb></us
r/local/texlive/2019/texmf-dist/fonts/type1/public/amsfonts/cm/cmr12.pfb></usr/
local/texlive/2019/texmf-dist/fonts/type1/public/amsfonts/cm/cmr17.pfb></usr/lo
cal/texlive/2019/texmf-dist/fonts/type1/public/amsfonts/cm/cmr6.pfb></usr/local
/texlive/2019/texmf-dist/fonts/type1/public/amsfonts/cm/cmr8.pfb></usr/local/te
xlive/2019/texmf-dist/fonts/type1/public/amsfonts/cm/cmsy10.pfb></usr/local/tex
live/2019/texmf-dist/fonts/type1/public/amsfonts/cm/cmsy6.pfb></usr/local/texli
ve/2019/texmf-dist/fonts/type1/public/amsfonts/cm/cmsy8.pfb></usr/local/texlive
/2019/texmf-dist/fonts/type1/public/amsfonts/cm/cmti12.pfb></usr/local/texlive/
2019/texmf-dist/fonts/type1/public/amsfonts/cm/cmtt12.pfb></usr/local/texlive/2
019/texmf-dist/fonts/type1/public/amsfonts/symbols/msbm10.pfb>
Output written on dissertation.pdf (148 pages, 3580190 bytes).
PDF statistics:
 646 PDF objects out of 1000 (max. 8388607)
 395 compressed objects within 4 object streams
 0 named destinations out of 1000 (max. 500000)
 203 words of extra memory for PDF output out of 10000 (max. 10000000)

experiments/pipeline_tokenizer_BERnie_meaning.png, id=382, 707.64375p
t x 317.185pt>
File: ./assets/experiments/pipeline_tokenizer_BERnie_meaning.png Graphic file (
type png)
<use ./assets/experiments/pipeline_tokenizer_BERnie_meaning.png>
Package pdftex.def Info: ./assets/experiments/pipeline_tokenizer_BERnie_meaning
.png  used on input line 2145.
(pdftex.def)             Requested size: 195.0pt x 87.40279pt.

Underfull \hbox (badness 2951) in paragraph at lines 2146--2146
[]\OT1/cmr/m/n/10.95 (a) |The clustering-modified to-k-enizer
 []

<./assets/experiments/pipeline_model_BERnie_meaning_embedding.png, id=383, 698.
61pt x 343.2825pt>
File: ./assets/experiments/pipeline_model_BERnie_meaning_embedding.png Graphic 
file (type png)
<use ./assets/experiments/pipeline_model_BERnie_meaning_embedding.png>
Package pdftex.def Info: ./assets/experiments/pipeline_model_BERnie_meaning_emb
edding.png  used on input line 2151.
(pdftex.def)             Requested size: 214.50119pt x 105.40028pt.

Overfull \hbox (19.50119pt too wide) in paragraph at lines 2143--2155
 []$$[]$ 
 []


Underfull \vbox (badness 10000) has occurred while \output is active []

 [84 <./assets/experiments/pipeline_tokenizer_BERnie_meaning_.png>]
<./assets/experiments/pipeline_model_BERnie_meaning.png, id=388, 897.3525pt x 3
45.29pt>
File: ./assets/experiments/pipeline_model_BERnie_meaning.png Graphic file (type
 png)
<use ./assets/experiments/pipeline_model_BERnie_meaning.png>
Package pdftex.def Info: ./assets/experiments/pipeline_model_BERnie_meaning.png
  used on input line 2164.
(pdftex.def)             Requested size: 390.0pt x 150.06294pt.
 [85 <./assets/experiments/pipeline_tokenizer_BERnie_meaning.png> <./assets/exp
eriments/pipeline_model_BERnie_meaning_embedding.png> <./assets/experiments/pip
eline_model_BERnie_meaning.png>]
Underfull \vbox (badness 10000) has occurred while \output is active []

 [86]

LaTeX Warning: Citation `devlin18' on page 87 undefined on input line 2248.


Underfull \vbox (badness 10000) has occurred while \output is active []

 [87]
Overfull \hbox (27.11707pt too wide) in paragraph at lines 2294--2298
[][] 
 []

[88]
Chapter 6.

Underfull \hbox (badness 10000) in paragraph at lines 2307--2313

 []

[89

] [90] [91] (./dissertation.bbl [92]
Underfull \hbox (badness 10000) in paragraph at lines 4--8
[]\OT1/cmr/m/n/12 Computational in-tel-li-gence lab: Lec-ture 5 em-bed-dings.
 []


Underfull \hbox (badness 10000) in paragraph at lines 4--8
\OT1/cmtt/m/n/12 http : / / da . inf . ethz . ch / teaching / 2019 / CIL / lect
ure /
 []


Underfull \hbox (badness 10000) in paragraph at lines 25--28
[]\OT1/cmr/m/n/12 Understanding lstms.  $\OT1/cmtt/m/n/12 https : / / colah . g
ithub . io / posts /
 []


Underfull \vbox (badness 10000) has occurred while \output is active []

 [93

]
Underfull \hbox (badness 1442) in paragraph at lines 108--111
[]\OT1/cmr/m/n/12 Piotr Bo-janowski, Edouard Grave, Ar-mand Joulin, and Tomas
 []

[94] [95] [96]
Underfull \hbox (badness 10000) in paragraph at lines 384--387
[]\OT1/cmr/m/n/12 Guillaume Lam-ple, Alexis Con-neau, Lu-dovic De-noyer, and
 []


Underfull \hbox (badness 1342) in paragraph at lines 384--387
\OT1/cmr/m/n/12 Marc'Aurelio Ran-zato.  Un-su-per-vised ma-chine trans-la-tion 
us-ing
 []

[97] [98] [99] [100] [101]
Underfull \hbox (badness 2547) in paragraph at lines 791--795
[]\OT1/cmr/m/n/12 Xun Wang, Xin-tong Han, Weilin Huang, Dengke Dong, and
 []

[102]) [103] [104

]
Appendix A.

LaTeX Warning: Citation `wang19' on page 105 undefined on input line 2371.


Overfull \hbox (74.7302pt too wide) in paragraph at lines 2375--2393
 [][] 
 []


LaTeX Warning: Citation `wang19' on page 105 undefined on input line 2393.


LaTeX Warning: Citation `wang19' on page 105 undefined on input line 2393.


LaTeX Warning: Citation `bengio06' on page 105 undefined on input line 2399.


LaTeX Warning: Citation `vilnis14' on page 105 undefined on input line 2400.

[105]
Underfull \hbox (badness 10000) in paragraph at lines 2416--2417

 []


LaTeX Warning: Citation `vilnis14' on page 106 undefined on input line 2425.


Underfull \hbox (badness 10000) in paragraph at lines 2424--2426

 []


Underfull \vbox (badness 10000) has occurred while \output is active []

 [106]
Underfull \vbox (badness 10000) has occurred while \output is active []

 [107]

LaTeX Warning: Citation `hochreiter97' on page 108 undefined on input line 2475
.


LaTeX Warning: Citation `rumelhart85' on page 108 undefined on input line 2476.


<./assets/background/LSTM.png, id=466, 773.89125pt x 274.02374pt>
File: ./assets/background/LSTM.png Graphic file (type png)
<use ./assets/background/LSTM.png>
Package pdftex.def Info: ./assets/background/LSTM.png  used on input line 2482.

(pdftex.def)             Requested size: 390.0pt x 138.09447pt.

LaTeX Warning: Citation `colahLSTM' on page 108 undefined on input line 2485.


LaTeX Warning: Citation `colahLSTM' on page 108 undefined on input line 2485.


LaTeX Warning: Citation `hochreiter97' on page 108 undefined on input line 2491
.


LaTeX Warning: Citation `warstadt2018' on page 108 undefined on input line 2502
.


Underfull \vbox (badness 7133) has occurred while \output is active []

 [108 <./assets/background/LSTM.png>]

LaTeX Warning: Citation `socher2013' on page 109 undefined on input line 2516.


LaTeX Warning: Citation `dolan2005' on page 109 undefined on input line 2531.


Overfull \hbox (97.82524pt too wide) in paragraph at lines 2537--2537
[]\OT1/cmtt/m/n/12 Prosecutors filed a motion informing Lee they intend to seek
 the death penalty.
 []


Overfull \hbox (42.25021pt too wide) in paragraph at lines 2543--2543
[]\OT1/cmtt/m/n/12 A former teammate , Carlton Dotson , has been charged with t
he murder.
 []


Overfull \hbox (252.20032pt too wide) in paragraph at lines 2544--2544
[]\OT1/cmtt/m/n/12 His body was found July 25 , and former teammate Carlton Dot
son has been charged in his shooting death .[] 
 []


LaTeX Warning: Citation `shankar17' on page 109 undefined on input line 2547.

[109]

LaTeX Warning: Citation `cer2017' on page 110 undefined on input line 2564.

[110]
Appendix B.

LaTeX Warning: Citation `frey07' on page 111 undefined on input line 2586.


LaTeX Warning: Citation `ester96' on page 111 undefined on input line 2591.


LaTeX Warning: Citation `campello13' on page 111 undefined on input line 2592.


LaTeX Warning: Citation `mihael99' on page 111 undefined on input line 2592.


LaTeX Warning: Citation `comaniciu02' on page 111 undefined on input line 2594.



Underfull \vbox (badness 10000) has occurred while \output is active []

 [111

]

LaTeX Warning: Citation `tang19' on page 112 undefined on input line 2604.


LaTeX Warning: Citation `tsai19' on page 112 undefined on input line 2604.


LaTeX Warning: Citation `sanh19' on page 112 undefined on input line 2604.


LaTeX Warning: Citation `shen19' on page 112 undefined on input line 2605.


Underfull \hbox (badness 10000) in paragraph at lines 2604--2606

 []


LaTeX Warning: Citation `shin18' on page 112 undefined on input line 2607.


LaTeX Warning: Citation `whitaker19' on page 112 undefined on input line 2614.

[112]

LaTeX Warning: Citation `moutafis17' on page 113 undefined on input line 2632.


LaTeX Warning: Citation `mahalanobis36' on page 113 undefined on input line 264
8.


LaTeX Warning: Citation `chechik10' on page 113 undefined on input line 2668.


Underfull \vbox (badness 10000) has occurred while \output is active []

 [113]

LaTeX Warning: Citation `moutafis17' on page 114 undefined on input line 2671.


LaTeX Warning: Citation `suarez19' on page 114 undefined on input line 2677.

\c@mydef=\count326
<./assets/relatedwork/metric_learning_example.png, id=489, 1361.085pt x 488.826
25pt>
File: ./assets/relatedwork/metric_learning_example.png Graphic file (type png)
<use ./assets/relatedwork/metric_learning_example.png>
Package pdftex.def Info: ./assets/relatedwork/metric_learning_example.png  used
 on input line 2709.
(pdftex.def)             Requested size: 390.0pt x 140.0628pt.

LaTeX Warning: Citation `suarez19' on page 114 undefined on input line 2710.


LaTeX Warning: Citation `suarez19' on page 114 undefined on input line 2710.


Underfull \vbox (badness 10000) has occurred while \output is active []

 [114]

LaTeX Warning: Citation `suarez19' on page 115 undefined on input line 2714.


Underfull \hbox (badness 1924) in paragraph at lines 2720--2721
 \OT1/cmr/bx/n/12 Di-men-sion-al-ity Re-duc-tion[] \OT1/cmr/m/n/12 tech-niques 
in-clude prin-ci-pal com-po-nent
 []


LaTeX Warning: Citation `kaya19' on page 115 undefined on input line 2726.

<./assets/relatedwork/metric_learning.png, id=493, 1048.91875pt x 897.3525pt>
File: ./assets/relatedwork/metric_learning.png Graphic file (type png)
<use ./assets/relatedwork/metric_learning.png>
Package pdftex.def Info: ./assets/relatedwork/metric_learning.png  used on inpu
t line 2730.
(pdftex.def)             Requested size: 390.0pt x 333.64462pt.

LaTeX Warning: Citation `kaya19' on page 115 undefined on input line 2731.


LaTeX Warning: Citation `kaya19' on page 115 undefined on input line 2731.


Underfull \vbox (badness 10000) has occurred while \output is active []

 [115 <./assets/relatedwork/metric_learning_example.png>]

LaTeX Warning: Citation `bromley94' on page 116 undefined on input line 2735.


LaTeX Warning: Citation `chopra05' on page 116 undefined on input line 2735.


LaTeX Warning: Citation `hadsell06' on page 116 undefined on input line 2735.


Overfull \hbox (29.9002pt too wide) in paragraph at lines 2749--2749
[]            \OT1/cmtt/m/n/12 torch.sum((latent_1 - latent_2) * (latent_1 - la
tent_2))[] 
 []

[116 <./assets/relatedwork/metric_learning.png>]
Underfull \hbox (badness 10000) in paragraph at lines 2763--2766

 []


LaTeX Warning: Citation `hoffer14' on page 117 undefined on input line 2767.


LaTeX Warning: Citation `ustinova16' on page 117 undefined on input line 2779.


LaTeX Warning: Citation `song16' on page 117 undefined on input line 2779.


LaTeX Warning: Citation `sohn16' on page 117 undefined on input line 2779.


LaTeX Warning: Citation `rippel16' on page 117 undefined on input line 2779.


LaTeX Warning: Citation `wang17' on page 117 undefined on input line 2779.


LaTeX Warning: Citation `ni17' on page 117 undefined on input line 2779.


LaTeX Warning: Citation `song17' on page 117 undefined on input line 2779.


LaTeX Warning: Citation `ge18' on page 117 undefined on input line 2779.


LaTeX Warning: Citation `wang19c' on page 117 undefined on input line 2779.


Underfull \vbox (badness 10000) has occurred while \output is active []

 [117]

LaTeX Warning: Citation `kudugunta18' on page 118 undefined on input line 2785.



LaTeX Warning: Citation `vaswani17' on page 118 undefined on input line 2787.

<./assets/relatedwork/embeddings_by_language.png, id=506, 824.07875pt x 630.355
pt>
File: ./assets/relatedwork/embeddings_by_language.png Graphic file (type png)
<use ./assets/relatedwork/embeddings_by_language.png>
Package pdftex.def Info: ./assets/relatedwork/embeddings_by_language.png  used 
on input line 2793.
(pdftex.def)             Requested size: 234.00238pt x 178.98936pt.

LaTeX Warning: Citation `kudugunta18' on page 118 undefined on input line 2794.



LaTeX Warning: Citation `kudugunta18' on page 118 undefined on input line 2794.



LaTeX Warning: Citation `lample18' on page 118 undefined on input line 2799.


LaTeX Warning: Citation `ma19' on page 118 undefined on input line 2802.


Underfull \vbox (badness 10000) has occurred while \output is active []

 [118 <./assets/relatedwork/embeddings_by_language.png>] [119] [120

]
Appendix C.

Underfull \hbox (badness 10000) in alignment at lines 2841--2841
[][][]
 []


Underfull \hbox (badness 10000) in alignment at lines 2855--2855
[][][]
 []

[121]
Underfull \hbox (badness 10000) in alignment at lines 2870--2870
[][][]
 []


Overfull \hbox (141.05026pt too wide) detected at line 2890
[]
 []


Overfull \hbox (307.77534pt too wide) detected at line 2907
[]
 []


Overfull \hbox (103.92386pt too wide) in paragraph at lines 2907--2908
[][] 
 []


Overfull \hbox (147.22527pt too wide) detected at line 2925
[]
 []


Underfull \vbox (badness 5189) has occurred while \output is active []

 [122]
Overfull \hbox (425.1004pt too wide) detected at line 2943
[]
 []


Overfull \hbox (186.05104pt too wide) in paragraph at lines 2943--2944
[][] 
 []


Overfull \hbox (239.85031pt too wide) detected at line 2961
[]
 []


Overfull \hbox (56.37654pt too wide) in paragraph at lines 2961--2962
[][] 
 []


Overfull \hbox (252.20032pt too wide) detected at line 2980
[]
 []


Overfull \hbox (65.0215pt too wide) in paragraph at lines 2980--2981
[][] 
 []


Underfull \vbox (badness 10000) has occurred while \output is active []

 [123]
Overfull \hbox (246.02531pt too wide) detected at line 2998
[]
 []


Overfull \hbox (60.69902pt too wide) in paragraph at lines 2998--2999
[][] 
 []


Overfull \hbox (338.65036pt too wide) detected at line 3018
[]
 []


Overfull \hbox (125.53627pt too wide) in paragraph at lines 3018--3019
[][] 
 []


Overfull \hbox (295.42534pt too wide) detected at line 3033
[]
 []


Overfull \hbox (95.27888pt too wide) in paragraph at lines 3033--3034
[][] 
 []


Underfull \vbox (badness 10000) has occurred while \output is active []

 [124]
Overfull \hbox (270.72533pt too wide) detected at line 3050
[]
 []


Overfull \hbox (77.98895pt too wide) in paragraph at lines 3050--3051
[][] 
 []


Overfull \hbox (400.40039pt too wide) detected at line 3069
[]
 []


Overfull \hbox (168.76111pt too wide) in paragraph at lines 3069--3070
[][] 
 []

[125] [126]
Appendix D.

LaTeX Warning: Citation `tshitoyan19' on page 127 undefined on input line 3110.



LaTeX Warning: Citation `conneau17' on page 127 undefined on input line 3118.

<./assets/relatedwork/muse.png, id=536, 1045.9075pt x 219.82124pt>
File: ./assets/relatedwork/muse.png Graphic file (type png)
<use ./assets/relatedwork/muse.png>
Package pdftex.def Info: ./assets/relatedwork/muse.png  used on input line 3123
.
(pdftex.def)             Requested size: 390.0pt x 81.96652pt.

LaTeX Warning: Citation `conneau17' on page 127 undefined on input line 3124.


LaTeX Warning: Citation `conneau17' on page 127 undefined on input line 3124.

[127

 <./assets/relatedwork/muse.png>]

LaTeX Warning: Citation `alvarez18' on page 128 undefined on input line 3136.


Underfull \hbox (badness 3138) in paragraph at lines 3136--3140
[]\OT1/cmr/m/n/12 A gen-er-al-iza-tion of these word vec-tors to point-vector p
robability-
 []


Underfull \vbox (badness 10000) has occurred while \output is active []

 [128]
[129] [130] (./dissertation.aux
! Extra }, or forgotten \endgroup.
l.673 127}
          \protected@file@percent }
I've deleted a group-closing symbol because it seems to be
spurious, as in `$x}$'. But perhaps the } is legitimate and
you forgot something else, as in `\hbox{$x}'. In such cases
the way to recover is to insert both the forgotten and the
deleted material, e.g., by typing `I$}'.

! Extra }, or forgotten \endgroup.
l.673 127}\protected@file@percent }
                                   
I've deleted a group-closing symbol because it seems to be
spurious, as in `$x}$'. But perhaps the } is legitimate and
you forgot something else, as in `\hbox{$x}'. In such cases
the way to recover is to insert both the forgotten and the
deleted material, e.g., by typing `I$}'.

)

LaTeX Warning: There were undefined references.


LaTeX Warning: There were multiply-defined labels.

 ) 
Here is how much of TeX's memory you used:
 29072 strings out of 492616
 583820 string characters out of 6129480
 596620 words of memory out of 5000000
 32548 multiletter control sequences out of 15000+600000
 544635 words of font info for 68 fonts, out of 8000000 for 9000
 1141 hyphenation exceptions out of 8191
 54i,22n,77p,2032b,698s stack positions out of 5000i,500n,10000p,200000b,80000s
</usr/local/texlive/2019/texmf-dist/fonts/type1/public/amsfonts/cm/cmbx12.pfb
></usr/local/texlive/2019/texmf-dist/fonts/type1/public/amsfonts/cm/cmbx8.pfb><
/usr/local/texlive/2019/texmf-dist/fonts/type1/public/amsfonts/cm/cmbxti10.pfb>
</usr/local/texlive/2019/texmf-dist/fonts/type1/public/amsfonts/cm/cmcsc10.pfb>
</usr/local/texlive/2019/texmf-dist/fonts/type1/public/amsfonts/cm/cmex10.pfb><
/usr/local/texlive/2019/texmf-dist/fonts/type1/public/amsfonts/cm/cmmi12.pfb></
usr/local/texlive/2019/texmf-dist/fonts/type1/public/amsfonts/cm/cmmi6.pfb></us
r/local/texlive/2019/texmf-dist/fonts/type1/public/amsfonts/cm/cmmi8.pfb></usr/
local/texlive/2019/texmf-dist/fonts/type1/public/amsfonts/cm/cmmib10.pfb></usr/
local/texlive/2019/texmf-dist/fonts/type1/public/amsfonts/cmextra/cmmib8.pfb></
usr/local/texlive/2019/texmf-dist/fonts/type1/public/amsfonts/cm/cmr10.pfb></us
r/local/texlive/2019/texmf-dist/fonts/type1/public/amsfonts/cm/cmr12.pfb></usr/
local/texlive/2019/texmf-dist/fonts/type1/public/amsfonts/cm/cmr17.pfb></usr/lo
cal/texlive/2019/texmf-dist/fonts/type1/public/amsfonts/cm/cmr6.pfb></usr/local
/texlive/2019/texmf-dist/fonts/type1/public/amsfonts/cm/cmr8.pfb></usr/local/te
xlive/2019/texmf-dist/fonts/type1/public/amsfonts/cm/cmsy10.pfb></usr/local/tex
live/2019/texmf-dist/fonts/type1/public/amsfonts/cm/cmsy6.pfb></usr/local/texli
ve/2019/texmf-dist/fonts/type1/public/amsfonts/cm/cmsy8.pfb></usr/local/texlive
/2019/texmf-dist/fonts/type1/public/amsfonts/cm/cmti12.pfb></usr/local/texlive/
2019/texmf-dist/fonts/type1/public/amsfonts/cm/cmtt12.pfb></usr/local/texlive/2
019/texmf-dist/fonts/type1/public/amsfonts/symbols/msbm10.pfb>
Output written on dissertation.pdf (141 pages, 3565190 bytes).
PDF statistics:
 623 PDF objects out of 1000 (max. 8388607)
 379 compressed objects within 4 object streams
 0 named destinations out of 1000 (max. 500000)
 203 words of extra memory for PDF output out of 10000 (max. 10000000)

